{"numTotalTestSuites":184,"numPassedTestSuites":172,"numFailedTestSuites":12,"numPendingTestSuites":0,"numTotalTests":341,"numPassedTests":327,"numFailedTests":6,"numPendingTests":8,"numTodoTests":0,"snapshot":{"added":0,"failure":false,"filesAdded":0,"filesRemoved":0,"filesRemovedList":[],"filesUnmatched":0,"filesUpdated":0,"matched":0,"total":0,"unchecked":0,"uncheckedKeysByFile":[],"unmatched":0,"updated":0,"didUpdate":false},"startTime":1786905048532,"success":false,"testResults":[{"assertionResults":[{"ancestorTitles":["CONDYN Career Analysis Protocol v1.0 - Step 4.1: LLM Prompt Builder (`buildCareerAnalysisPrompt`)"],"fullName":"CONDYN Career Analysis Protocol v1.0 - Step 4.1: LLM Prompt Builder (`buildCareerAnalysisPrompt`) should generate systemPrompt containing the 8 canonical Invariance Rules","status":"passed","title":"should generate systemPrompt containing the 8 canonical Invariance Rules","duration":4.538815,"failureMessages":[],"meta":{}},{"ancestorTitles":["CONDYN Career Analysis Protocol v1.0 - Step 4.1: LLM Prompt Builder (`buildCareerAnalysisPrompt`)"],"fullName":"CONDYN Career Analysis Protocol v1.0 - Step 4.1: LLM Prompt Builder (`buildCareerAnalysisPrompt`) should generate userPrompt containing prompt contract version and document metadata","status":"passed","title":"should generate userPrompt containing prompt contract version and document metadata","duration":0.7241189999999733,"failureMessages":[],"meta":{}},{"ancestorTitles":["CONDYN Career Analysis Protocol v1.0 - Step 4.1: LLM Prompt Builder (`buildCareerAnalysisPrompt`)"],"fullName":"CONDYN Career Analysis Protocol v1.0 - Step 4.1: LLM Prompt Builder (`buildCareerAnalysisPrompt`) should embed all document IDs, titles (metadata), and verbatim raw text in userPrompt","status":"passed","title":"should embed all document IDs, titles (metadata), and verbatim raw text in userPrompt","duration":0.9114939999999478,"failureMessages":[],"meta":{}},{"ancestorTitles":["CONDYN Career Analysis Protocol v1.0 - Step 4.1: LLM Prompt Builder (`buildCareerAnalysisPrompt`)"],"fullName":"CONDYN Career Analysis Protocol v1.0 - Step 4.1: LLM Prompt Builder (`buildCareerAnalysisPrompt`) should strictly instruct the LLM to output ONLY valid JSON without Markdown code wrappers (no ```json)","status":"passed","title":"should strictly instruct the LLM to output ONLY valid JSON without Markdown code wrappers (no ```json)","duration":0.4489810000000034,"failureMessages":[],"meta":{}},{"ancestorTitles":["CONDYN Career Analysis Protocol v1.0 - Step 4.2: Inference Provider Contract (`InferenceProvider` & `MockInferenceProvider`)"],"fullName":"CONDYN Career Analysis Protocol v1.0 - Step 4.2: Inference Provider Contract (`InferenceProvider` & `MockInferenceProvider`) should execute a prompt bundle and return the configured raw string response","status":"passed","title":"should execute a prompt bundle and return the configured raw string response","duration":0.8858989999999949,"failureMessages":[],"meta":{}},{"ancestorTitles":["CONDYN Career Analysis Protocol v1.0 - Step 4.2: Inference Provider Contract (`InferenceProvider` & `MockInferenceProvider`)"],"fullName":"CONDYN Career Analysis Protocol v1.0 - Step 4.2: Inference Provider Contract (`InferenceProvider` & `MockInferenceProvider`) should throw ERR_INVALID_PROMPT_BUNDLE when systemPrompt or userPrompt is empty","status":"passed","title":"should throw ERR_INVALID_PROMPT_BUNDLE when systemPrompt or userPrompt is empty","duration":3.9757929999999533,"failureMessages":[],"meta":{}},{"ancestorTitles":["CONDYN Career Analysis Protocol v1.0 - Step 4.3: LLM Output Processor (`processLlmOutput`)"],"fullName":"CONDYN Career Analysis Protocol v1.0 - Step 4.3: LLM Output Processor (`processLlmOutput`) should strip ```json code wrappers, parse JSON, and return success: true for valid gold model output","status":"passed","title":"should strip ```json code wrappers, parse JSON, and return success: true for valid gold model output","duration":21.799478000000022,"failureMessages":[],"meta":{}},{"ancestorTitles":["CONDYN Career Analysis Protocol v1.0 - Step 4.3: LLM Output Processor (`processLlmOutput`)"],"fullName":"CONDYN Career Analysis Protocol v1.0 - Step 4.3: LLM Output Processor (`processLlmOutput`) should strip generic ``` code wrappers without language specifier and validate successfully","status":"passed","title":"should strip generic ``` code wrappers without language specifier and validate successfully","duration":7.563633999999979,"failureMessages":[],"meta":{}},{"ancestorTitles":["CONDYN Career Analysis Protocol v1.0 - Step 4.3: LLM Output Processor (`processLlmOutput`)"],"fullName":"CONDYN Career Analysis Protocol v1.0 - Step 4.3: LLM Output Processor (`processLlmOutput`) should handle raw un-wrapped JSON string cleanly and validate successfully","status":"passed","title":"should handle raw un-wrapped JSON string cleanly and validate successfully","duration":4.744420000000105,"failureMessages":[],"meta":{}},{"ancestorTitles":["CONDYN Career Analysis Protocol v1.0 - Step 4.3: LLM Output Processor (`processLlmOutput`)"],"fullName":"CONDYN Career Analysis Protocol v1.0 - Step 4.3: LLM Output Processor (`processLlmOutput`) should return ERR_JSON_SYNTAX_INVALID when string is malformed or not parseable JSON","status":"passed","title":"should return ERR_JSON_SYNTAX_INVALID when string is malformed or not parseable JSON","duration":1.282444000000055,"failureMessages":[],"meta":{}},{"ancestorTitles":["CONDYN Career Analysis Protocol v1.0 - Step 4.3: LLM Output Processor (`processLlmOutput`)"],"fullName":"CONDYN Career Analysis Protocol v1.0 - Step 4.3: LLM Output Processor (`processLlmOutput`) should successfully recover from truncated JSON strings using repairTruncatedJson","status":"passed","title":"should successfully recover from truncated JSON strings using repairTruncatedJson","duration":2.0501709999999775,"failureMessages":[],"meta":{}}],"startTime":1786905056231,"endTime":1786905056281.0503,"status":"passed","message":"","name":"/home/codi/Entwicklung/condyn-admin/test/career-adapter.test.ts"},{"assertionResults":[{"ancestorTitles":["CONDYN Career Analysis Protocol v1.0 - TDD Conformance Suite","Domain 1: Canonical Zod Schema Tests (`CanonicalCareerAnalysisSchema`)"],"fullName":"CONDYN Career Analysis Protocol v1.0 - TDD Conformance Suite Domain 1: Canonical Zod Schema Tests (`CanonicalCareerAnalysisSchema`) should pass validation for Gold Case 001 (`expected.json`)","status":"passed","title":"should pass validation for Gold Case 001 (`expected.json`)","duration":19.442678,"failureMessages":[],"meta":{}},{"ancestorTitles":["CONDYN Career Analysis Protocol v1.0 - TDD Conformance Suite","Domain 1: Canonical Zod Schema Tests (`CanonicalCareerAnalysisSchema`)"],"fullName":"CONDYN Career Analysis Protocol v1.0 - TDD Conformance Suite Domain 1: Canonical Zod Schema Tests (`CanonicalCareerAnalysisSchema`) should fail validation when integer percentage is used (`resonance_score: 94`)","status":"passed","title":"should fail validation when integer percentage is used (`resonance_score: 94`)","duration":4.4575609999999415,"failureMessages":[],"meta":{}},{"ancestorTitles":["CONDYN Career Analysis Protocol v1.0 - TDD Conformance Suite","Domain 1: Canonical Zod Schema Tests (`CanonicalCareerAnalysisSchema`)"],"fullName":"CONDYN Career Analysis Protocol v1.0 - TDD Conformance Suite Domain 1: Canonical Zod Schema Tests (`CanonicalCareerAnalysisSchema`) should fail validation when cardinal field `validation` is missing from an entity","status":"passed","title":"should fail validation when cardinal field `validation` is missing from an entity","duration":3.1938069999999925,"failureMessages":[],"meta":{}},{"ancestorTitles":["CONDYN Career Analysis Protocol v1.0 - TDD Conformance Suite","Domain 1: Canonical Zod Schema Tests (`CanonicalCareerAnalysisSchema`)"],"fullName":"CONDYN Career Analysis Protocol v1.0 - TDD Conformance Suite Domain 1: Canonical Zod Schema Tests (`CanonicalCareerAnalysisSchema`) should fail validation when root bifurcation structure is invalid or missing","status":"passed","title":"should fail validation when root bifurcation structure is invalid or missing","duration":0.6050699999999551,"failureMessages":[],"meta":{}},{"ancestorTitles":["CONDYN Career Analysis Protocol v1.0 - TDD Conformance Suite","Domain 2: Runtime Integrity Validator Skeleton Tests (`validateCareerAnalysis`)"],"fullName":"CONDYN Career Analysis Protocol v1.0 - TDD Conformance Suite Domain 2: Runtime Integrity Validator Skeleton Tests (`validateCareerAnalysis`) should emit ERR_JSON_SYNTAX_INVALID when raw payload is malformed JSON string","status":"passed","title":"should emit ERR_JSON_SYNTAX_INVALID when raw payload is malformed JSON string","duration":4.126544999999965,"failureMessages":[],"meta":{}},{"ancestorTitles":["CONDYN Career Analysis Protocol v1.0 - TDD Conformance Suite","Domain 2: Runtime Integrity Validator Skeleton Tests (`validateCareerAnalysis`)","Phase 2.3: Referential Integrity Check & Orphan Edge Detection"],"fullName":"CONDYN Career Analysis Protocol v1.0 - TDD Conformance Suite Domain 2: Runtime Integrity Validator Skeleton Tests (`validateCareerAnalysis`) Phase 2.3: Referential Integrity Check & Orphan Edge Detection should emit ERR_DUPLICATE_ENTITY_ID when two entities share the exact same entity_id","status":"passed","title":"should emit ERR_DUPLICATE_ENTITY_ID when two entities share the exact same entity_id","duration":5.003570000000082,"failureMessages":[],"meta":{}},{"ancestorTitles":["CONDYN Career Analysis Protocol v1.0 - TDD Conformance Suite","Domain 2: Runtime Integrity Validator Skeleton Tests (`validateCareerAnalysis`)","Phase 2.3: Referential Integrity Check & Orphan Edge Detection"],"fullName":"CONDYN Career Analysis Protocol v1.0 - TDD Conformance Suite Domain 2: Runtime Integrity Validator Skeleton Tests (`validateCareerAnalysis`) Phase 2.3: Referential Integrity Check & Orphan Edge Detection should emit ERR_ORPHAN_REFERENCE when an evidence item points to a non-existent doc_id","status":"passed","title":"should emit ERR_ORPHAN_REFERENCE when an evidence item points to a non-existent doc_id","duration":7.35510899999997,"failureMessages":[],"meta":{}},{"ancestorTitles":["CONDYN Career Analysis Protocol v1.0 - TDD Conformance Suite","Domain 2: Runtime Integrity Validator Skeleton Tests (`validateCareerAnalysis`)","Phase 2.4: Semantic Rules (Role Hierarchy & Mandatory Evidence)"],"fullName":"CONDYN Career Analysis Protocol v1.0 - TDD Conformance Suite Domain 2: Runtime Integrity Validator Skeleton Tests (`validateCareerAnalysis`) Phase 2.4: Semantic Rules (Role Hierarchy & Mandatory Evidence) should emit ERR_ROLE_HIERARCHY_DISCONNECTED when a role has no ROLE_IN_ORGANIZATION relationship","status":"passed","title":"should emit ERR_ROLE_HIERARCHY_DISCONNECTED when a role has no ROLE_IN_ORGANIZATION relationship","duration":7.809057999999936,"failureMessages":[],"meta":{}},{"ancestorTitles":["CONDYN Career Analysis Protocol v1.0 - TDD Conformance Suite","Domain 2: Runtime Integrity Validator Skeleton Tests (`validateCareerAnalysis`)","Phase 2.4: Semantic Rules (Role Hierarchy & Mandatory Evidence)"],"fullName":"CONDYN Career Analysis Protocol v1.0 - TDD Conformance Suite Domain 2: Runtime Integrity Validator Skeleton Tests (`validateCareerAnalysis`) Phase 2.4: Semantic Rules (Role Hierarchy & Mandatory Evidence) should emit ERR_ROLE_HIERARCHY_DISCONNECTED when a role has a ROLE_IN_ORGANIZATION relationship targeting a non-organization entity (BUG 005)","status":"passed","title":"should emit ERR_ROLE_HIERARCHY_DISCONNECTED when a role has a ROLE_IN_ORGANIZATION relationship targeting a non-organization entity (BUG 005)","duration":2.871432000000027,"failureMessages":[],"meta":{}},{"ancestorTitles":["CONDYN Career Analysis Protocol v1.0 - TDD Conformance Suite","Domain 2: Runtime Integrity Validator Skeleton Tests (`validateCareerAnalysis`)","Phase 2.4: Semantic Rules (Role Hierarchy & Mandatory Evidence)"],"fullName":"CONDYN Career Analysis Protocol v1.0 - TDD Conformance Suite Domain 2: Runtime Integrity Validator Skeleton Tests (`validateCareerAnalysis`) Phase 2.4: Semantic Rules (Role Hierarchy & Mandatory Evidence) should emit ERR_EVIDENCE_MISSING when a domain entity (e.g. capability) has an empty evidence array","status":"passed","title":"should emit ERR_EVIDENCE_MISSING when a domain entity (e.g. capability) has an empty evidence array","duration":3.441863000000012,"failureMessages":[],"meta":{}},{"ancestorTitles":["CONDYN Career Analysis Protocol v1.0 - TDD Conformance Suite","Domain 2: Runtime Integrity Validator Skeleton Tests (`validateCareerAnalysis`)","Phase 2.5 & 2.6: Partial Graph Repair & Validator Stamping"],"fullName":"CONDYN Career Analysis Protocol v1.0 - TDD Conformance Suite Domain 2: Runtime Integrity Validator Skeleton Tests (`validateCareerAnalysis`) Phase 2.5 & 2.6: Partial Graph Repair & Validator Stamping should repair orphan relationship edges: remove edge, emit WARN_ORPHAN_EDGE_REMOVED, and succeed without mutating overall_confidence","status":"passed","title":"should repair orphan relationship edges: remove edge, emit WARN_ORPHAN_EDGE_REMOVED, and succeed without mutating overall_confidence","duration":3.9544590000000426,"failureMessages":[],"meta":{}},{"ancestorTitles":["CONDYN Career Analysis Protocol v1.0 - TDD Conformance Suite","Domain 2: Runtime Integrity Validator Skeleton Tests (`validateCareerAnalysis`)","Phase 2.5 & 2.6: Partial Graph Repair & Validator Stamping"],"fullName":"CONDYN Career Analysis Protocol v1.0 - TDD Conformance Suite Domain 2: Runtime Integrity Validator Skeleton Tests (`validateCareerAnalysis`) Phase 2.5 & 2.6: Partial Graph Repair & Validator Stamping should stamp validation_state = VERIFIED and validation.status = PASSED on entities upon successful validation","status":"passed","title":"should stamp validation_state = VERIFIED and validation.status = PASSED on entities upon successful validation","duration":2.943337999999926,"failureMessages":[],"meta":{}}],"startTime":1786905056590,"endTime":1786905056656.9434,"status":"passed","message":"","name":"/home/codi/Entwicklung/condyn-admin/test/career-analysis.test.ts"},{"assertionResults":[{"ancestorTitles":["CONDYN Career Analysis Protocol v1.0 - Step 7.2: Server Boundary API Route"],"fullName":"CONDYN Career Analysis Protocol v1.0 - Step 7.2: Server Boundary API Route should reject empty document array with HTTP 400 Bad Request","status":"passed","title":"should reject empty document array with HTTP 400 Bad Request","duration":19.980972000000293,"failureMessages":[],"meta":{}},{"ancestorTitles":["CONDYN Career Analysis Protocol v1.0 - Step 7.2: Server Boundary API Route"],"fullName":"CONDYN Career Analysis Protocol v1.0 - Step 7.2: Server Boundary API Route should reject document with empty content string with HTTP 400 Bad Request","status":"passed","title":"should reject document with empty content string with HTTP 400 Bad Request","duration":21.813787999999477,"failureMessages":[],"meta":{}},{"ancestorTitles":["CONDYN Career Analysis Protocol v1.0 - Step 7.2: Server Boundary API Route"],"fullName":"CONDYN Career Analysis Protocol v1.0 - Step 7.2: Server Boundary API Route should execute pipeline via MockInferenceProvider, verify schema, save to demo persistence, and return pre-computed reactFlowGraph","status":"passed","title":"should execute pipeline via MockInferenceProvider, verify schema, save to demo persistence, and return pre-computed reactFlowGraph","duration":62.513332999999875,"failureMessages":[],"meta":{}}],"startTime":1786905058878,"endTime":1786905058982.5134,"status":"passed","message":"","name":"/home/codi/Entwicklung/condyn-admin/test/career-analyze-flow.test.ts"},{"assertionResults":[{"ancestorTitles":["CONDYN Career Analysis Protocol v1.0 — Step 19d: Multi-Source API Route (`test/career-analyze-multisource.test.ts`)"],"fullName":"CONDYN Career Analysis Protocol v1.0 — Step 19d: Multi-Source API Route (`test/career-analyze-multisource.test.ts`) should accept website source item and invoke loadWebsiteDocument server-side","status":"passed","title":"should accept website source item and invoke loadWebsiteDocument server-side","duration":62.22586599999977,"failureMessages":[],"meta":{}},{"ancestorTitles":["CONDYN Career Analysis Protocol v1.0 — Step 19d: Multi-Source API Route (`test/career-analyze-multisource.test.ts`)"],"fullName":"CONDYN Career Analysis Protocol v1.0 — Step 19d: Multi-Source API Route (`test/career-analyze-multisource.test.ts`) should accept github source item and invoke loadGitHubRepositoryDocuments server-side","status":"passed","title":"should accept github source item and invoke loadGitHubRepositoryDocuments server-side","duration":21.758436999999503,"failureMessages":[],"meta":{}},{"ancestorTitles":["CONDYN Career Analysis Protocol v1.0 — Step 19d: Multi-Source API Route (`test/career-analyze-multisource.test.ts`)"],"fullName":"CONDYN Career Analysis Protocol v1.0 — Step 19d: Multi-Source API Route (`test/career-analyze-multisource.test.ts`) should accept mixed batch (text + website + github) and combine into unified DocumentInput[]","status":"passed","title":"should accept mixed batch (text + website + github) and combine into unified DocumentInput[]","duration":56.345164000000295,"failureMessages":[],"meta":{}},{"ancestorTitles":["CONDYN Career Analysis Protocol v1.0 — Step 19d: Multi-Source API Route (`test/career-analyze-multisource.test.ts`)"],"fullName":"CONDYN Career Analysis Protocol v1.0 — Step 19d: Multi-Source API Route (`test/career-analyze-multisource.test.ts`) should return HTTP 400 when url property is missing for website or github source","status":"passed","title":"should return HTTP 400 when url property is missing for website or github source","duration":42.91388199999983,"failureMessages":[],"meta":{}},{"ancestorTitles":["CONDYN Career Analysis Protocol v1.0 — Step 19d: Multi-Source API Route (`test/career-analyze-multisource.test.ts`)"],"fullName":"CONDYN Career Analysis Protocol v1.0 — Step 19d: Multi-Source API Route (`test/career-analyze-multisource.test.ts`) should return HTTP 400 structured loader error when website URL is invalid","status":"passed","title":"should return HTTP 400 structured loader error when website URL is invalid","duration":12.342048000000432,"failureMessages":[],"meta":{}},{"ancestorTitles":["CONDYN Career Analysis Protocol v1.0 — Step 19d: Multi-Source API Route (`test/career-analyze-multisource.test.ts`)"],"fullName":"CONDYN Career Analysis Protocol v1.0 — Step 19d: Multi-Source API Route (`test/career-analyze-multisource.test.ts`) should return HTTP 400 structured loader error when github URL is invalid","status":"passed","title":"should return HTTP 400 structured loader error when github URL is invalid","duration":9.295556000000033,"failureMessages":[],"meta":{}},{"ancestorTitles":["CONDYN Career Analysis Protocol v1.0 — Step 19d: Multi-Source API Route (`test/career-analyze-multisource.test.ts`)"],"fullName":"CONDYN Career Analysis Protocol v1.0 — Step 19d: Multi-Source API Route (`test/career-analyze-multisource.test.ts`) should preserve exact response structure compatibility (success, status, analysisId, metadata, reactFlowGraph)","status":"passed","title":"should preserve exact response structure compatibility (success, status, analysisId, metadata, reactFlowGraph)","duration":10.177346999999827,"failureMessages":[],"meta":{}}],"startTime":1786905055122,"endTime":1786905055337.1772,"status":"passed","message":"","name":"/home/codi/Entwicklung/condyn-admin/test/career-analyze-multisource.test.ts"},{"assertionResults":[{"ancestorTitles":["CONDYN Career Analysis Protocol v1.0 - Step 7.1: Client Live Analysis UI Page"],"fullName":"CONDYN Career Analysis Protocol v1.0 - Step 7.1: Client Live Analysis UI Page should render input textarea, title field, document preview list, and submit button","status":"passed","title":"should render input textarea, title field, document preview list, and submit button","duration":51.88205999999991,"failureMessages":[],"meta":{}},{"ancestorTitles":["CONDYN Career Analysis Protocol v1.0 - Step 7.1: Client Live Analysis UI Page"],"fullName":"CONDYN Career Analysis Protocol v1.0 - Step 7.1: Client Live Analysis UI Page should render submit button disabled by default when no document is staged or textarea is empty","status":"passed","title":"should render submit button disabled by default when no document is staged or textarea is empty","duration":5.466883999999936,"failureMessages":[],"meta":{}},{"ancestorTitles":["CONDYN Career Analysis Protocol v1.0 - Step 7.1: Client Live Analysis UI Page"],"fullName":"CONDYN Career Analysis Protocol v1.0 - Step 7.1: Client Live Analysis UI Page should strictly enforce Dumb Consumer principle: zero imports or calls to Zod, Validator, Repository, or LLM SDKs in Client Page","status":"passed","title":"should strictly enforce Dumb Consumer principle: zero imports or calls to Zod, Validator, Repository, or LLM SDKs in Client Page","duration":7.799633999999969,"failureMessages":[],"meta":{}}],"startTime":1786905059222,"endTime":1786905059286.7996,"status":"passed","message":"","name":"/home/codi/Entwicklung/condyn-admin/test/career-analyze-page.test.tsx"},{"assertionResults":[{"ancestorTitles":["CONDYN Career Analysis Protocol v1.0 — Step 20b: Recommendation API Integration (`test/career-analyze-recommendations.test.ts`)"],"fullName":"CONDYN Career Analysis Protocol v1.0 — Step 20b: Recommendation API Integration (`test/career-analyze-recommendations.test.ts`) should include `matching` and `recommendations` in POST /api/career/analyze response","status":"passed","title":"should include `matching` and `recommendations` in POST /api/career/analyze response","duration":53.66169600000012,"failureMessages":[],"meta":{}},{"ancestorTitles":["CONDYN Career Analysis Protocol v1.0 — Step 20b: Recommendation API Integration (`test/career-analyze-recommendations.test.ts`)"],"fullName":"CONDYN Career Analysis Protocol v1.0 — Step 20b: Recommendation API Integration (`test/career-analyze-recommendations.test.ts`) should generate recommendations based on missingCapabilities from role matches","status":"passed","title":"should generate recommendations based on missingCapabilities from role matches","duration":9.338896000000204,"failureMessages":[],"meta":{}},{"ancestorTitles":["CONDYN Career Analysis Protocol v1.0 — Step 20b: Recommendation API Integration (`test/career-analyze-recommendations.test.ts`)"],"fullName":"CONDYN Career Analysis Protocol v1.0 — Step 20b: Recommendation API Integration (`test/career-analyze-recommendations.test.ts`) should preserve existing response structure compatibility (success, status, analysisId, metadata, reactFlowGraph)","status":"passed","title":"should preserve existing response structure compatibility (success, status, analysisId, metadata, reactFlowGraph)","duration":9.896560000000136,"failureMessages":[],"meta":{}},{"ancestorTitles":["CONDYN Career Analysis Protocol v1.0 — Step 20b: Recommendation API Integration (`test/career-analyze-recommendations.test.ts`)"],"fullName":"CONDYN Career Analysis Protocol v1.0 — Step 20b: Recommendation API Integration (`test/career-analyze-recommendations.test.ts`) should include `matching` and `recommendations` in GET /api/career/analyses/[analysisId] response","status":"passed","title":"should include `matching` and `recommendations` in GET /api/career/analyses/[analysisId] response","duration":16.94974000000002,"failureMessages":[],"meta":{}}],"startTime":1786905054964,"endTime":1786905055053.9497,"status":"passed","message":"","name":"/home/codi/Entwicklung/condyn-admin/test/career-analyze-recommendations.test.ts"},{"assertionResults":[{"ancestorTitles":["CONDYN Career Analysis - API to UI Integration Contract"],"fullName":"CONDYN Career Analysis - API to UI Integration Contract should expose verified CanonicalCareerAnalysis at response.data for SIL projection","status":"passed","title":"should expose verified CanonicalCareerAnalysis at response.data for SIL projection","duration":15.99115299999994,"failureMessages":[],"meta":{}},{"ancestorTitles":["CONDYN Career Analysis - API to UI Integration Contract"],"fullName":"CONDYN Career Analysis - API to UI Integration Contract should reject a VERIFIED response missing canonical data","status":"passed","title":"should reject a VERIFIED response missing canonical data","duration":1.8242629999999735,"failureMessages":[],"meta":{}}],"startTime":1786905066352,"endTime":1786905066369.8242,"status":"passed","message":"","name":"/home/codi/Entwicklung/condyn-admin/test/career-api-integration.test.ts"},{"assertionResults":[{"ancestorTitles":["BUG010N: Canonical ID Ownership"],"fullName":"BUG010N: Canonical ID Ownership A, B, C, D, E, K: Deterministically maps local IDs and preserves context IDs","status":"passed","title":"A, B, C, D, E, K: Deterministically maps local IDs and preserves context IDs","duration":15.378486000000066,"failureMessages":[],"meta":{}},{"ancestorTitles":["BUG010N: Canonical ID Ownership"],"fullName":"BUG010N: Canonical ID Ownership F: Duplicate raw local entity ID -> hard fail","status":"passed","title":"F: Duplicate raw local entity ID -> hard fail","duration":1.6151269999999158,"failureMessages":[],"meta":{}},{"ancestorTitles":["BUG010N: Canonical ID Ownership"],"fullName":"BUG010N: Canonical ID Ownership G: Missing relationship target -> hard fail","status":"passed","title":"G: Missing relationship target -> hard fail","duration":0.6165770000000066,"failureMessages":[],"meta":{}},{"ancestorTitles":["BUG010N: Canonical ID Ownership"],"fullName":"BUG010N: Canonical ID Ownership H: ROLE_IN_ORGANIZATION -> non-ORGANIZATION -> hard fail","status":"passed","title":"H: ROLE_IN_ORGANIZATION -> non-ORGANIZATION -> hard fail","duration":0.7320389999999861,"failureMessages":[],"meta":{}},{"ancestorTitles":["BUG010N: Canonical ID Ownership"],"fullName":"BUG010N: Canonical ID Ownership I: Evidence doc_id references nonexistent document -> hard fail","status":"passed","title":"I: Evidence doc_id references nonexistent document -> hard fail","duration":0.6386629999999514,"failureMessages":[],"meta":{}},{"ancestorTitles":["BUG010N: Canonical ID Ownership"],"fullName":"BUG010N: Canonical ID Ownership J: Cluster doc_id references non-document entity -> hard fail","status":"passed","title":"J: Cluster doc_id references non-document entity -> hard fail","duration":0.5633739999999534,"failureMessages":[],"meta":{}},{"ancestorTitles":["BUG010N: Canonical ID Ownership"],"fullName":"BUG010N: Canonical ID Ownership J: Outlier doc_id references non-document entity -> hard fail","status":"passed","title":"J: Outlier doc_id references non-document entity -> hard fail","duration":0.4982870000000048,"failureMessages":[],"meta":{}},{"ancestorTitles":["BUG010N: Canonical ID Ownership"],"fullName":"BUG010N: Canonical ID Ownership I: Evidence doc_id references non-document entity -> hard fail","status":"passed","title":"I: Evidence doc_id references non-document entity -> hard fail","duration":0.5192910000000666,"failureMessages":[],"meta":{}}],"startTime":1786905064122,"endTime":1786905064142.5193,"status":"passed","message":"","name":"/home/codi/Entwicklung/condyn-admin/test/career-assembly.test.ts"},{"assertionResults":[{"ancestorTitles":["CONDYN Career Analysis Protocol v1.0 - Step 12: Batch Document Ingestion"],"fullName":"CONDYN Career Analysis Protocol v1.0 - Step 12: Batch Document Ingestion should process multiple text documents into DocumentInput[] with stable sequential IDs and generate a unified prompt","status":"passed","title":"should process multiple text documents into DocumentInput[] with stable sequential IDs and generate a unified prompt","duration":23.635327999999845,"failureMessages":[],"meta":{}},{"ancestorTitles":["CONDYN Career Analysis Protocol v1.0 - Step 12: Batch Document Ingestion"],"fullName":"CONDYN Career Analysis Protocol v1.0 - Step 12: Batch Document Ingestion should process multiple PDFs and mixed batches (PDF + text) into DocumentInput[] with stable IDs","status":"passed","title":"should process multiple PDFs and mixed batches (PDF + text) into DocumentInput[] with stable IDs","duration":10.490969999999834,"failureMessages":[],"meta":{}},{"ancestorTitles":["CONDYN Career Analysis Protocol v1.0 - Step 12: Batch Document Ingestion"],"fullName":"CONDYN Career Analysis Protocol v1.0 - Step 12: Batch Document Ingestion should reject empty batch with ERR_NO_DOCUMENTS","status":"passed","title":"should reject empty batch with ERR_NO_DOCUMENTS","duration":6.856384000000162,"failureMessages":[],"meta":{}},{"ancestorTitles":["CONDYN Career Analysis Protocol v1.0 - Step 12: Batch Document Ingestion"],"fullName":"CONDYN Career Analysis Protocol v1.0 - Step 12: Batch Document Ingestion should reject document with empty content with ERR_EMPTY_CONTENT","status":"passed","title":"should reject document with empty content with ERR_EMPTY_CONTENT","duration":3.9942260000002534,"failureMessages":[],"meta":{}},{"ancestorTitles":["CONDYN Career Analysis Protocol v1.0 - Step 12: Batch Document Ingestion"],"fullName":"CONDYN Career Analysis Protocol v1.0 - Step 12: Batch Document Ingestion should reject corrupted or empty PDF buffer with ERR_PDF_PARSE_FAILURE","status":"passed","title":"should reject corrupted or empty PDF buffer with ERR_PDF_PARSE_FAILURE","duration":0.8182090000000244,"failureMessages":[],"meta":{}},{"ancestorTitles":["CONDYN Career Analysis Protocol v1.0 - Step 12: Batch Document Ingestion"],"fullName":"CONDYN Career Analysis Protocol v1.0 - Step 12: Batch Document Ingestion should invoke progress callback during batch processing and maintain accurate document count","status":"passed","title":"should invoke progress callback during batch processing and maintain accurate document count","duration":1.1107260000003407,"failureMessages":[],"meta":{}},{"ancestorTitles":["CONDYN Career Analysis Protocol v1.0 - Step 12: Batch Document Ingestion"],"fullName":"CONDYN Career Analysis Protocol v1.0 - Step 12: Batch Document Ingestion should execute E2E batch analysis pipeline and produce a single CanonicalCareerAnalysis DAG","status":"passed","title":"should execute E2E batch analysis pipeline and produce a single CanonicalCareerAnalysis DAG","duration":37.00024600000006,"failureMessages":[],"meta":{}}],"startTime":1786905063106,"endTime":1786905063190.0002,"status":"passed","message":"","name":"/home/codi/Entwicklung/condyn-admin/test/career-batch-ingestion.test.ts"},{"assertionResults":[{"ancestorTitles":["Fixture Boundary Contract (BUG010O)"],"fullName":"Fixture Boundary Contract (BUG010O) canonical-expected.json -> CanonicalCareerAnalysisSchema PASS","status":"passed","title":"canonical-expected.json -> CanonicalCareerAnalysisSchema PASS","duration":13.386386000000016,"failureMessages":[],"meta":{}},{"ancestorTitles":["Fixture Boundary Contract (BUG010O)"],"fullName":"Fixture Boundary Contract (BUG010O) gemini-inference.json -> GeminiInferenceSchema PASS","status":"passed","title":"gemini-inference.json -> GeminiInferenceSchema PASS","duration":2.399024000000054,"failureMessages":[],"meta":{}},{"ancestorTitles":["Fixture Boundary Contract (BUG010O)"],"fullName":"Fixture Boundary Contract (BUG010O) gemini-inference.json -> CanonicalCareerAnalysisSchema FAIL","status":"passed","title":"gemini-inference.json -> CanonicalCareerAnalysisSchema FAIL","duration":4.597024000000033,"failureMessages":[],"meta":{}},{"ancestorTitles":["Canonical Assembly Boundary Contract"],"fullName":"Canonical Assembly Boundary Contract does not fabricate semantic state and correctly assembles the canonical pipeline","status":"passed","title":"does not fabricate semantic state and correctly assembles the canonical pipeline","duration":5.594597000000022,"failureMessages":[],"meta":{}},{"ancestorTitles":["Canonical Assembly Boundary Contract"],"fullName":"Canonical Assembly Boundary Contract fails deterministically if no real entities exist to project presentation","status":"passed","title":"fails deterministically if no real entities exist to project presentation","duration":2.2716139999999996,"failureMessages":[],"meta":{}},{"ancestorTitles":["BUG010P: Structural Empty Collection Normalization"],"fullName":"BUG010P: Structural Empty Collection Normalization normalizes missing relationships and evidence to empty arrays, preserving existing non-empty arrays","status":"failed","title":"normalizes missing relationships and evidence to empty arrays, preserving existing non-empty arrays","duration":25.05634500000008,"failureMessages":["AssertionError: expected false to be true // Object.is equality\n    at /home/codi/Entwicklung/condyn-admin/test/career-canonical-assembly.test.ts:138:28\n    at file:///home/codi/Entwicklung/condyn-admin/node_modules/@vitest/runner/dist/chunk-hooks.js:155:11\n    at file:///home/codi/Entwicklung/condyn-admin/node_modules/@vitest/runner/dist/chunk-hooks.js:752:26\n    at file:///home/codi/Entwicklung/condyn-admin/node_modules/@vitest/runner/dist/chunk-hooks.js:1897:20\n    at new Promise (<anonymous>)\n    at runWithTimeout (file:///home/codi/Entwicklung/condyn-admin/node_modules/@vitest/runner/dist/chunk-hooks.js:1863:10)\n    at runTest (file:///home/codi/Entwicklung/condyn-admin/node_modules/@vitest/runner/dist/chunk-hooks.js:1574:12)\n    at processTicksAndRejections (node:internal/process/task_queues:95:5)\n    at runSuite (file:///home/codi/Entwicklung/condyn-admin/node_modules/@vitest/runner/dist/chunk-hooks.js:1729:8)\n    at runSuite (file:///home/codi/Entwicklung/condyn-admin/node_modules/@vitest/runner/dist/chunk-hooks.js:1729:8)"],"meta":{}}],"startTime":1786905049486,"endTime":1786905049540.0564,"status":"failed","message":"","name":"/home/codi/Entwicklung/condyn-admin/test/career-canonical-assembly.test.ts"},{"assertionResults":[{"ancestorTitles":["CONDYN Career Analysis Protocol v1.0 — Step 16: Company Pool & Matching Engine","1. Pool Schema Validation (pool.ts)"],"fullName":"CONDYN Career Analysis Protocol v1.0 — Step 16: Company Pool & Matching Engine 1. Pool Schema Validation (pool.ts) should successfully validate the complete DEMO_COMPANY_POOL schema","status":"passed","title":"should successfully validate the complete DEMO_COMPANY_POOL schema","duration":16.439108999999917,"failureMessages":[],"meta":{}},{"ancestorTitles":["CONDYN Career Analysis Protocol v1.0 — Step 16: Company Pool & Matching Engine","1. Pool Schema Validation (pool.ts)"],"fullName":"CONDYN Career Analysis Protocol v1.0 — Step 16: Company Pool & Matching Engine 1. Pool Schema Validation (pool.ts) should reject PoolCapabilityRequirement when weight > 1.0","status":"passed","title":"should reject PoolCapabilityRequirement when weight > 1.0","duration":4.055787000000009,"failureMessages":[],"meta":{}},{"ancestorTitles":["CONDYN Career Analysis Protocol v1.0 — Step 16: Company Pool & Matching Engine","2. Deterministic Resonance Scoring (scoring.ts)"],"fullName":"CONDYN Career Analysis Protocol v1.0 — Step 16: Company Pool & Matching Engine 2. Deterministic Resonance Scoring (scoring.ts) should match existing capabilities and report missing capabilities explicitly","status":"passed","title":"should match existing capabilities and report missing capabilities explicitly","duration":4.722393999999895,"failureMessages":[],"meta":{}},{"ancestorTitles":["CONDYN Career Analysis Protocol v1.0 — Step 16: Company Pool & Matching Engine","2. Deterministic Resonance Scoring (scoring.ts)"],"fullName":"CONDYN Career Analysis Protocol v1.0 — Step 16: Company Pool & Matching Engine 2. Deterministic Resonance Scoring (scoring.ts) should give higher weighted requirements stronger influence on resonance score","status":"passed","title":"should give higher weighted requirements stronger influence on resonance score","duration":0.93482599999993,"failureMessages":[],"meta":{}},{"ancestorTitles":["CONDYN Career Analysis Protocol v1.0 — Step 16: Company Pool & Matching Engine","3. Matching Engine Core & Governance (engine.ts)"],"fullName":"CONDYN Career Analysis Protocol v1.0 — Step 16: Company Pool & Matching Engine 3. Matching Engine Core & Governance (engine.ts) should throw ERR_INACTIVE_COMPANY_POOL when matching against inactive pool status","status":"passed","title":"should throw ERR_INACTIVE_COMPANY_POOL when matching against inactive pool status","duration":3.55065999999988,"failureMessages":[],"meta":{}},{"ancestorTitles":["CONDYN Career Analysis Protocol v1.0 — Step 16: Company Pool & Matching Engine","3. Matching Engine Core & Governance (engine.ts)"],"fullName":"CONDYN Career Analysis Protocol v1.0 — Step 16: Company Pool & Matching Engine 3. Matching Engine Core & Governance (engine.ts) should match against ACTIVE pool and sort roles descending by resonance score","status":"passed","title":"should match against ACTIVE pool and sort roles descending by resonance score","duration":12.702367999999979,"failureMessages":[],"meta":{}},{"ancestorTitles":["CONDYN Career Analysis Protocol v1.0 — Step 16: Company Pool & Matching Engine","3. Matching Engine Core & Governance (engine.ts)"],"fullName":"CONDYN Career Analysis Protocol v1.0 — Step 16: Company Pool & Matching Engine 3. Matching Engine Core & Governance (engine.ts) should aggregate role scores into organizations sorted descending by score","status":"passed","title":"should aggregate role scores into organizations sorted descending by score","duration":2.4082080000000587,"failureMessages":[],"meta":{}}],"startTime":1786905062358,"endTime":1786905062403.4082,"status":"passed","message":"","name":"/home/codi/Entwicklung/condyn-admin/test/career-company-pool.test.ts"},{"assertionResults":[{"ancestorTitles":["CONDYN Career Analysis Protocol v1.0 - Step 5.5: React Presentation Components"],"fullName":"CONDYN Career Analysis Protocol v1.0 - Step 5.5: React Presentation Components should render CareerGraph strictly from adapter output with identical HTML output across multiple renders","status":"passed","title":"should render CareerGraph strictly from adapter output with identical HTML output across multiple renders","duration":369.6072629999999,"failureMessages":[],"meta":{}},{"ancestorTitles":["CONDYN Career Analysis Protocol v1.0 - Step 5.5: React Presentation Components"],"fullName":"CONDYN Career Analysis Protocol v1.0 - Step 5.5: React Presentation Components should render all nodes and edges from adapter graph without mutation or layout calculation","status":"passed","title":"should render all nodes and edges from adapter graph without mutation or layout calculation","duration":8.596813000000111,"failureMessages":[],"meta":{}},{"ancestorTitles":["CONDYN Career Analysis Protocol v1.0 - Step 5.5: React Presentation Components"],"fullName":"CONDYN Career Analysis Protocol v1.0 - Step 5.5: React Presentation Components should render Sidebar with accurate metadata counts derived purely from adapter graph","status":"passed","title":"should render Sidebar with accurate metadata counts derived purely from adapter graph","duration":5.447568000000047,"failureMessages":[],"meta":{}},{"ancestorTitles":["CONDYN Career Analysis Protocol v1.0 - Step 5.5: React Presentation Components"],"fullName":"CONDYN Career Analysis Protocol v1.0 - Step 5.5: React Presentation Components should render Inspector details accurately when selectedNode or selectedEdge is provided","status":"passed","title":"should render Inspector details accurately when selectedNode or selectedEdge is provided","duration":79.68907600000011,"failureMessages":[],"meta":{}},{"ancestorTitles":["CONDYN Career Analysis Protocol v1.0 - Step 5.5: React Presentation Components"],"fullName":"CONDYN Career Analysis Protocol v1.0 - Step 5.5: React Presentation Components should render individual GraphNode and GraphEdge components with correct visual style attributes","status":"passed","title":"should render individual GraphNode and GraphEdge components with correct visual style attributes","duration":17.84849899999972,"failureMessages":[],"meta":{}}],"startTime":1786905053510,"endTime":1786905053991.8484,"status":"passed","message":"","name":"/home/codi/Entwicklung/condyn-admin/test/career-components.test.tsx"},{"assertionResults":[{"ancestorTitles":["CONDYN Career Analysis Protocol v1.0 — Step 25: Confidence Propagation Engine & Decision Laboratory"],"fullName":"CONDYN Career Analysis Protocol v1.0 — Step 25: Confidence Propagation Engine & Decision Laboratory 1. should resolve deterministic source weights (github=1.0, pdf=0.85, website=0.70, linkedin=0.40)","status":"passed","title":"1. should resolve deterministic source weights (github=1.0, pdf=0.85, website=0.70, linkedin=0.40)","duration":3.737675999999965,"failureMessages":[],"meta":{}},{"ancestorTitles":["CONDYN Career Analysis Protocol v1.0 — Step 25: Confidence Propagation Engine & Decision Laboratory"],"fullName":"CONDYN Career Analysis Protocol v1.0 — Step 25: Confidence Propagation Engine & Decision Laboratory 2. should aggregate multiple evidence items robustly with damped accumulation without linear overshoot","status":"passed","title":"2. should aggregate multiple evidence items robustly with damped accumulation without linear overshoot","duration":1.3142950000000155,"failureMessages":[],"meta":{}},{"ancestorTitles":["CONDYN Career Analysis Protocol v1.0 — Step 25: Confidence Propagation Engine & Decision Laboratory"],"fullName":"CONDYN Career Analysis Protocol v1.0 — Step 25: Confidence Propagation Engine & Decision Laboratory 3. should ensure GitHub/code evidence impacts capability confidence more strongly than LinkedIn profile evidence","status":"passed","title":"3. should ensure GitHub/code evidence impacts capability confidence more strongly than LinkedIn profile evidence","duration":0.41564600000003793,"failureMessages":[],"meta":{}},{"ancestorTitles":["CONDYN Career Analysis Protocol v1.0 — Step 25: Confidence Propagation Engine & Decision Laboratory"],"fullName":"CONDYN Career Analysis Protocol v1.0 — Step 25: Confidence Propagation Engine & Decision Laboratory 4. should propagate graph confidence bottom-up across Evidence -> Capability -> Requirement -> Job -> Organisation","status":"passed","title":"4. should propagate graph confidence bottom-up across Evidence -> Capability -> Requirement -> Job -> Organisation","duration":3.1632909999999583,"failureMessages":[],"meta":{}},{"ancestorTitles":["CONDYN Career Analysis Protocol v1.0 — Step 25: Confidence Propagation Engine & Decision Laboratory"],"fullName":"CONDYN Career Analysis Protocol v1.0 — Step 25: Confidence Propagation Engine & Decision Laboratory 5. should generate CurrentGraphState containing graph, propagated confidence, and timestamp","status":"passed","title":"5. should generate CurrentGraphState containing graph, propagated confidence, and timestamp","duration":1.5408840000000055,"failureMessages":[],"meta":{}},{"ancestorTitles":["CONDYN Career Analysis Protocol v1.0 — Step 25: Confidence Propagation Engine & Decision Laboratory"],"fullName":"CONDYN Career Analysis Protocol v1.0 — Step 25: Confidence Propagation Engine & Decision Laboratory 6. What-If Simulation: should increase capability and job score when simulated high-value GitHub evidence is added, without mutating baseGraph","status":"passed","title":"6. What-If Simulation: should increase capability and job score when simulated high-value GitHub evidence is added, without mutating baseGraph","duration":2.183589999999981,"failureMessages":[],"meta":{}}],"startTime":1786905066195,"endTime":1786905066208.1836,"status":"passed","message":"","name":"/home/codi/Entwicklung/condyn-admin/test/career-confidence-propagation.test.ts"},{"assertionResults":[{"ancestorTitles":["CONDYN Career Analysis Protocol v1.0 - Step 5.4: D3 Force Adapter (`toD3Force`)"],"fullName":"CONDYN Career Analysis Protocol v1.0 - Step 5.4: D3 Force Adapter (`toD3Force`) should generate 100% identical D3 force graph across multiple runs for identical layout model input","status":"passed","title":"should generate 100% identical D3 force graph across multiple runs for identical layout model input","duration":40.35161199999993,"failureMessages":[],"meta":{}},{"ancestorTitles":["CONDYN Career Analysis Protocol v1.0 - Step 5.4: D3 Force Adapter (`toD3Force`)"],"fullName":"CONDYN Career Analysis Protocol v1.0 - Step 5.4: D3 Force Adapter (`toD3Force`) should preserve node count and link count from layout model 1:1 without adding or removing items","status":"passed","title":"should preserve node count and link count from layout model 1:1 without adding or removing items","duration":5.530215999999996,"failureMessages":[],"meta":{}},{"ancestorTitles":["CONDYN Career Analysis Protocol v1.0 - Step 5.4: D3 Force Adapter (`toD3Force`)"],"fullName":"CONDYN Career Analysis Protocol v1.0 - Step 5.4: D3 Force Adapter (`toD3Force`) should map x and y strictly 1:1 from node.x and node.y without running ticks or recalculations","status":"passed","title":"should map x and y strictly 1:1 from node.x and node.y without running ticks or recalculations","duration":4.862773000000061,"failureMessages":[],"meta":{}},{"ancestorTitles":["CONDYN Career Analysis Protocol v1.0 - Step 5.4: D3 Force Adapter (`toD3Force`)"],"fullName":"CONDYN Career Analysis Protocol v1.0 - Step 5.4: D3 Force Adapter (`toD3Force`) should assign fx: 0 and fy: 0 strictly to center node and leave outer nodes without fx/fy","status":"passed","title":"should assign fx: 0 and fy: 0 strictly to center node and leave outer nodes without fx/fy","duration":5.674691999999936,"failureMessages":[],"meta":{}},{"ancestorTitles":["CONDYN Career Analysis Protocol v1.0 - Step 5.4: D3 Force Adapter (`toD3Force`)"],"fullName":"CONDYN Career Analysis Protocol v1.0 - Step 5.4: D3 Force Adapter (`toD3Force`) should map edge interactionForce strictly to link strength and pass styles through","status":"passed","title":"should map edge interactionForce strictly to link strength and pass styles through","duration":16.93978900000002,"failureMessages":[],"meta":{}},{"ancestorTitles":["CONDYN Career Analysis Protocol v1.0 - Step 5.4: D3 Force Adapter (`toD3Force`)"],"fullName":"CONDYN Career Analysis Protocol v1.0 - Step 5.4: D3 Force Adapter (`toD3Force`) should strictly exclude ReactFlow keys (position, sourceHandle, targetHandle) from nodes and links","status":"passed","title":"should strictly exclude ReactFlow keys (position, sourceHandle, targetHandle) from nodes and links","duration":7.824887000000103,"failureMessages":[],"meta":{}}],"startTime":1786905056345,"endTime":1786905056425.825,"status":"passed","message":"","name":"/home/codi/Entwicklung/condyn-admin/test/career-d3-force.test.ts"},{"assertionResults":[{"ancestorTitles":["CONDYN Career Analysis Protocol v1.0 — Step 24b: Decision Graph Inspector UI"],"fullName":"CONDYN Career Analysis Protocol v1.0 — Step 24b: Decision Graph Inspector UI 1. should render idle state when no focus is selected","status":"passed","title":"1. should render idle state when no focus is selected","duration":20.558972999999924,"failureMessages":[],"meta":{}},{"ancestorTitles":["CONDYN Career Analysis Protocol v1.0 — Step 24b: Decision Graph Inspector UI"],"fullName":"CONDYN Career Analysis Protocol v1.0 — Step 24b: Decision Graph Inspector UI 2. should render all 6 sections (FOCUS NODE, DECISION STATE, EVIDENCE QUALITY, TRACEABILITY FLOW, UPSTREAM, DOWNSTREAM) when focus is provided","status":"passed","title":"2. should render all 6 sections (FOCUS NODE, DECISION STATE, EVIDENCE QUALITY, TRACEABILITY FLOW, UPSTREAM, DOWNSTREAM) when focus is provided","duration":8.612347,"failureMessages":[],"meta":{}},{"ancestorTitles":["CONDYN Career Analysis Protocol v1.0 — Step 24b: Decision Graph Inspector UI"],"fullName":"CONDYN Career Analysis Protocol v1.0 — Step 24b: Decision Graph Inspector UI 3. should display SUPPORTED decision state and HIGH CONFIDENCE badge when evidence score > 0.85","status":"passed","title":"3. should display SUPPORTED decision state and HIGH CONFIDENCE badge when evidence score > 0.85","duration":4.084313000000066,"failureMessages":[],"meta":{}},{"ancestorTitles":["CONDYN Career Analysis Protocol v1.0 — Step 24b: Decision Graph Inspector UI"],"fullName":"CONDYN Career Analysis Protocol v1.0 — Step 24b: Decision Graph Inspector UI 4. should display BLOCKED decision state when evidence score is weak (< 0.70)","status":"passed","title":"4. should display BLOCKED decision state when evidence score is weak (< 0.70)","duration":4.811140999999907,"failureMessages":[],"meta":{}}],"startTime":1786905056251,"endTime":1786905056289.811,"status":"passed","message":"","name":"/home/codi/Entwicklung/condyn-admin/test/career-decision-graph-inspector.test.tsx"},{"assertionResults":[{"ancestorTitles":["CONDYN Career Analysis Protocol v1.0 — Phase 1: Decision Integrity Suite (ARCHITECTURAL INVARIANTS)"],"fullName":"CONDYN Career Analysis Protocol v1.0 — Phase 1: Decision Integrity Suite (ARCHITECTURAL INVARIANTS) Invariant 1 & 5: Every recommendation & job match must be explainable back to evidence (Recommendation -> Requirement -> Capability -> Evidence -> Source)","status":"passed","title":"Invariant 1 & 5: Every recommendation & job match must be explainable back to evidence (Recommendation -> Requirement -> Capability -> Evidence -> Source)","duration":6.079482999999982,"failureMessages":[],"meta":{}},{"ancestorTitles":["CONDYN Career Analysis Protocol v1.0 — Phase 1: Decision Integrity Suite (ARCHITECTURAL INVARIANTS)"],"fullName":"CONDYN Career Analysis Protocol v1.0 — Phase 1: Decision Integrity Suite (ARCHITECTURAL INVARIANTS) Invariant 4: No orphan nodes — every node in the DirectedEvidenceGraph is connected into the decision hierarchy","status":"passed","title":"Invariant 4: No orphan nodes — every node in the DirectedEvidenceGraph is connected into the decision hierarchy","duration":1.3781970000000001,"failureMessages":[],"meta":{}},{"ancestorTitles":["CONDYN Career Analysis Protocol v1.0 — Phase 1: Decision Integrity Suite (ARCHITECTURAL INVARIANTS)"],"fullName":"CONDYN Career Analysis Protocol v1.0 — Phase 1: Decision Integrity Suite (ARCHITECTURAL INVARIANTS) Invariant 6: What-If Simulation never mutates baseGraph (byte-identical preservation)","status":"passed","title":"Invariant 6: What-If Simulation never mutates baseGraph (byte-identical preservation)","duration":4.184027000000015,"failureMessages":[],"meta":{}},{"ancestorTitles":["CONDYN Career Analysis Protocol v1.0 — Phase 1: Decision Integrity Suite (ARCHITECTURAL INVARIANTS)"],"fullName":"CONDYN Career Analysis Protocol v1.0 — Phase 1: Decision Integrity Suite (ARCHITECTURAL INVARIANTS) Invariant 7: Confidence propagation is strictly deterministic","status":"passed","title":"Invariant 7: Confidence propagation is strictly deterministic","duration":2.7601119999999355,"failureMessages":[],"meta":{}},{"ancestorTitles":["CONDYN Career Analysis Protocol v1.0 — Phase 1: Decision Integrity Suite (ARCHITECTURAL INVARIANTS)"],"fullName":"CONDYN Career Analysis Protocol v1.0 — Phase 1: Decision Integrity Suite (ARCHITECTURAL INVARIANTS) Invariant 8: All scores originate from the graph and obey graph physics","status":"passed","title":"Invariant 8: All scores originate from the graph and obey graph physics","duration":1.1329230000000052,"failureMessages":[],"meta":{}}],"startTime":1786905064763,"endTime":1786905064779.1328,"status":"passed","message":"","name":"/home/codi/Entwicklung/condyn-admin/test/career-decision-integrity.test.ts"},{"assertionResults":[{"ancestorTitles":["CONDYN Career Analysis Protocol v1.0 — Step 25b: Prompt Verification Harness (`test/career-deep-sweep-prompt.test.ts`)"],"fullName":"CONDYN Career Analysis Protocol v1.0 — Step 25b: Prompt Verification Harness (`test/career-deep-sweep-prompt.test.ts`) 1. should resolve active version of capability-deep-sweep prompt with valid SHA-256 checksum","status":"passed","title":"1. should resolve active version of capability-deep-sweep prompt with valid SHA-256 checksum","duration":38.90012899999999,"failureMessages":[],"meta":{}},{"ancestorTitles":["CONDYN Career Analysis Protocol v1.0 — Step 25b: Prompt Verification Harness (`test/career-deep-sweep-prompt.test.ts`)"],"fullName":"CONDYN Career Analysis Protocol v1.0 — Step 25b: Prompt Verification Harness (`test/career-deep-sweep-prompt.test.ts`) 2. should verify capability-deep-sweep prompt strictly adheres to PROMPT_CONTRACT directives","status":"passed","title":"2. should verify capability-deep-sweep prompt strictly adheres to PROMPT_CONTRACT directives","duration":12.099431999999979,"failureMessages":[],"meta":{}},{"ancestorTitles":["CONDYN Career Analysis Protocol v1.0 — Step 25b: Prompt Verification Harness (`test/career-deep-sweep-prompt.test.ts`)"],"fullName":"CONDYN Career Analysis Protocol v1.0 — Step 25b: Prompt Verification Harness (`test/career-deep-sweep-prompt.test.ts`) 3. should validate sample capability extraction output against UniversalEntitySchema (Capability Quality Check)","status":"passed","title":"3. should validate sample capability extraction output against UniversalEntitySchema (Capability Quality Check)","duration":2.9686639999999898,"failureMessages":[],"meta":{}},{"ancestorTitles":["CONDYN Career Analysis Protocol v1.0 — Step 25b: Prompt Verification Harness (`test/career-deep-sweep-prompt.test.ts`)"],"fullName":"CONDYN Career Analysis Protocol v1.0 — Step 25b: Prompt Verification Harness (`test/career-deep-sweep-prompt.test.ts`) 4. should reject capability extraction output if evidence quote is missing or under 10 chars","status":"passed","title":"4. should reject capability extraction output if evidence quote is missing or under 10 chars","duration":3.1461719999999787,"failureMessages":[],"meta":{}},{"ancestorTitles":["CONDYN Career Analysis Protocol v1.0 — Step 25b: Prompt Verification Harness (`test/career-deep-sweep-prompt.test.ts`)"],"fullName":"CONDYN Career Analysis Protocol v1.0 — Step 25b: Prompt Verification Harness (`test/career-deep-sweep-prompt.test.ts`) 5. should verify that the active PC-CONDYN-CAP-v1.0 extraction contract explicitly enforces ROLE EXTRACTION RULE","status":"passed","title":"5. should verify that the active PC-CONDYN-CAP-v1.0 extraction contract explicitly enforces ROLE EXTRACTION RULE","duration":2.7848919999999,"failureMessages":[],"meta":{}}],"startTime":1786905058550,"endTime":1786905058610.785,"status":"passed","message":"","name":"/home/codi/Entwicklung/condyn-admin/test/career-deep-sweep-prompt.test.ts"},{"assertionResults":[{"ancestorTitles":["CONDYN Career Analysis Protocol v1.0 — Step 26: End-to-End Live Demo Hardening (`test/career-demo-e2e.test.tsx`)"],"fullName":"CONDYN Career Analysis Protocol v1.0 — Step 26: End-to-End Live Demo Hardening (`test/career-demo-e2e.test.tsx`) 1. should render telemetry progress banner when isAnalyzing is active","status":"passed","title":"1. should render telemetry progress banner when isAnalyzing is active","duration":119.99402500000019,"failureMessages":[],"meta":{}},{"ancestorTitles":["CONDYN Career Analysis Protocol v1.0 — Step 26: End-to-End Live Demo Hardening (`test/career-demo-e2e.test.tsx`)"],"fullName":"CONDYN Career Analysis Protocol v1.0 — Step 26: End-to-End Live Demo Hardening (`test/career-demo-e2e.test.tsx`) 2. should render intake-success-banner when analysis succeeds","status":"passed","title":"2. should render intake-success-banner when analysis succeeds","duration":53.55863999999997,"failureMessages":[],"meta":{}},{"ancestorTitles":["CONDYN Career Analysis Protocol v1.0 — Step 26: End-to-End Live Demo Hardening (`test/career-demo-e2e.test.tsx`)"],"fullName":"CONDYN Career Analysis Protocol v1.0 — Step 26: End-to-End Live Demo Hardening (`test/career-demo-e2e.test.tsx`) 3. should render intake-error-banner and retry-intake-btn button when analysis encounters error","status":"passed","title":"3. should render intake-error-banner and retry-intake-btn button when analysis encounters error","duration":53.76039500000002,"failureMessages":[],"meta":{}},{"ancestorTitles":["CONDYN Career Analysis Protocol v1.0 — Step 26: End-to-End Live Demo Hardening (`test/career-demo-e2e.test.tsx`)"],"fullName":"CONDYN Career Analysis Protocol v1.0 — Step 26: End-to-End Live Demo Hardening (`test/career-demo-e2e.test.tsx`) 4. should render SourceDock with analyzing state indicator disabled during active ingestion","status":"passed","title":"4. should render SourceDock with analyzing state indicator disabled during active ingestion","duration":8.97889199999986,"failureMessages":[],"meta":{}},{"ancestorTitles":["CONDYN Career Analysis Protocol v1.0 — Step 26: End-to-End Live Demo Hardening (`test/career-demo-e2e.test.tsx`)"],"fullName":"CONDYN Career Analysis Protocol v1.0 — Step 26: End-to-End Live Demo Hardening (`test/career-demo-e2e.test.tsx`) 5. should maintain all 6 orbit bubbles and IdentityCoreDropZone in the field alongside intake banners","status":"passed","title":"5. should maintain all 6 orbit bubbles and IdentityCoreDropZone in the field alongside intake banners","duration":68.36556999999993,"failureMessages":[],"meta":{}}],"startTime":1786905050823,"endTime":1786905051131.3655,"status":"passed","message":"","name":"/home/codi/Entwicklung/condyn-admin/test/career-demo-e2e.test.tsx"},{"assertionResults":[{"ancestorTitles":["CONDYN / SYNTX — Step 22c: Semantic Career Intelligence Field (SIL v2.0) (`test/career-demo-ui.test.tsx`)"],"fullName":"CONDYN / SYNTX — Step 22c: Semantic Career Intelligence Field (SIL v2.0) (`test/career-demo-ui.test.tsx`) should render IdentityCoreDropZone without any active sources in Zero-State","status":"passed","title":"should render IdentityCoreDropZone without any active sources in Zero-State","duration":21.9999610000001,"failureMessages":[],"meta":{}},{"ancestorTitles":["CONDYN / SYNTX — Step 22c: Semantic Career Intelligence Field (SIL v2.0) (`test/career-demo-ui.test.tsx`)"],"fullName":"CONDYN / SYNTX — Step 22c: Semantic Career Intelligence Field (SIL v2.0) (`test/career-demo-ui.test.tsx`) should render OrbitalResonanceBubble with 0 items in Zero-State","status":"passed","title":"should render OrbitalResonanceBubble with 0 items in Zero-State","duration":6.789352000000008,"failureMessages":[],"meta":{}},{"ancestorTitles":["CONDYN / SYNTX — Step 22c: Semantic Career Intelligence Field (SIL v2.0) (`test/career-demo-ui.test.tsx`)"],"fullName":"CONDYN / SYNTX — Step 22c: Semantic Career Intelligence Field (SIL v2.0) (`test/career-demo-ui.test.tsx`) should render SemanticCareerIntelligenceField in pure Zero-State without fake fallback data","status":"passed","title":"should render SemanticCareerIntelligenceField in pure Zero-State without fake fallback data","duration":96.55853300000001,"failureMessages":[],"meta":{}},{"ancestorTitles":["CONDYN / SYNTX — Step 22c: Semantic Career Intelligence Field (SIL v2.0) (`test/career-demo-ui.test.tsx`)"],"fullName":"CONDYN / SYNTX — Step 22c: Semantic Career Intelligence Field (SIL v2.0) (`test/career-demo-ui.test.tsx`) should render CareerIntelligenceDashboard directly showing the Continuous Semantic Field","status":"passed","title":"should render CareerIntelligenceDashboard directly showing the Continuous Semantic Field","duration":46.35278299999993,"failureMessages":[],"meta":{}}],"startTime":1786905051197,"endTime":1786905051369.3528,"status":"passed","message":"","name":"/home/codi/Entwicklung/condyn-admin/test/career-demo-ui.test.tsx"},{"assertionResults":[{"ancestorTitles":["CONDYN Career Analysis Protocol v1.0 — Step 24a: Directed Evidence Graph Engine Core"],"fullName":"CONDYN Career Analysis Protocol v1.0 — Step 24a: Directed Evidence Graph Engine Core 1. should validate all 6 Node schemas (Source, Evidence, Capability, Requirement, Job, Organisation)","status":"passed","title":"1. should validate all 6 Node schemas (Source, Evidence, Capability, Requirement, Job, Organisation)","duration":13.754037999999923,"failureMessages":[],"meta":{}},{"ancestorTitles":["CONDYN Career Analysis Protocol v1.0 — Step 24a: Directed Evidence Graph Engine Core"],"fullName":"CONDYN Career Analysis Protocol v1.0 — Step 24a: Directed Evidence Graph Engine Core 2. should construct directed graph containing all 6 node classes and all 5 edge types (contains, supports, satisfies, belongsTo, belongsToOrg)","status":"passed","title":"2. should construct directed graph containing all 6 node classes and all 5 edge types (contains, supports, satisfies, belongsTo, belongsToOrg)","duration":13.031737999999905,"failureMessages":[],"meta":{}},{"ancestorTitles":["CONDYN Career Analysis Protocol v1.0 — Step 24a: Directed Evidence Graph Engine Core"],"fullName":"CONDYN Career Analysis Protocol v1.0 — Step 24a: Directed Evidence Graph Engine Core 3. should trace complete proof chain: Organisation -> Job -> Requirement -> Capability -> Evidence -> Source & exact Location","status":"passed","title":"3. should trace complete proof chain: Organisation -> Job -> Requirement -> Capability -> Evidence -> Source & exact Location","duration":2.71563900000001,"failureMessages":[],"meta":{}},{"ancestorTitles":["CONDYN Career Analysis Protocol v1.0 — Step 24a: Directed Evidence Graph Engine Core"],"fullName":"CONDYN Career Analysis Protocol v1.0 — Step 24a: Directed Evidence Graph Engine Core 4. should compute dual scoring independently (fitScore vs explainabilityScore)","status":"passed","title":"4. should compute dual scoring independently (fitScore vs explainabilityScore)","duration":1.7479799999998704,"failureMessages":[],"meta":{}},{"ancestorTitles":["CONDYN Career Analysis Protocol v1.0 — Step 24a: Directed Evidence Graph Engine Core"],"fullName":"CONDYN Career Analysis Protocol v1.0 — Step 24a: Directed Evidence Graph Engine Core 5. should lower explainabilityScore when evidence is sparse/low confidence without altering functional fitScore","status":"passed","title":"5. should lower explainabilityScore when evidence is sparse/low confidence without altering functional fitScore","duration":1.4672809999999572,"failureMessages":[],"meta":{}},{"ancestorTitles":["CONDYN Career Analysis Protocol v1.0 — Step 24a: Directed Evidence Graph Engine Core"],"fullName":"CONDYN Career Analysis Protocol v1.0 — Step 24a: Directed Evidence Graph Engine Core 6. should guarantee immutability of input analysis and job role profiles","status":"passed","title":"6. should guarantee immutability of input analysis and job role profiles","duration":0.9862769999999728,"failureMessages":[],"meta":{}}],"startTime":1786905062145,"endTime":1786905062178.9863,"status":"passed","message":"","name":"/home/codi/Entwicklung/condyn-admin/test/career-evidence-graph.test.ts"},{"assertionResults":[{"ancestorTitles":["CONDYN Career Analysis Protocol v1.0 — Step 24b: Graph Focus Engine & Heatmap Tokens"],"fullName":"CONDYN Career Analysis Protocol v1.0 — Step 24b: Graph Focus Engine & Heatmap Tokens 1. should compute bidirectional GraphFocus around a Capability node (upstream to Evidence/Source, downstream to Requirement/Job/Org)","status":"passed","title":"1. should compute bidirectional GraphFocus around a Capability node (upstream to Evidence/Source, downstream to Requirement/Job/Org)","duration":5.5904030000000375,"failureMessages":[],"meta":{}},{"ancestorTitles":["CONDYN Career Analysis Protocol v1.0 — Step 24b: Graph Focus Engine & Heatmap Tokens"],"fullName":"CONDYN Career Analysis Protocol v1.0 — Step 24b: Graph Focus Engine & Heatmap Tokens 2. should compute GraphFocus around a Job node correctly traversing upstream requirements and downstream organisation","status":"passed","title":"2. should compute GraphFocus around a Job node correctly traversing upstream requirements and downstream organisation","duration":2.480458999999996,"failureMessages":[],"meta":{}},{"ancestorTitles":["CONDYN Career Analysis Protocol v1.0 — Step 24b: Graph Focus Engine & Heatmap Tokens"],"fullName":"CONDYN Career Analysis Protocol v1.0 — Step 24b: Graph Focus Engine & Heatmap Tokens 3. should resolve semantic heatmap tokens across High, Medium, Weak, and Missing evidence levels","status":"passed","title":"3. should resolve semantic heatmap tokens across High, Medium, Weak, and Missing evidence levels","duration":1.216662000000042,"failureMessages":[],"meta":{}}],"startTime":1786905066394,"endTime":1786905066403.2166,"status":"passed","message":"","name":"/home/codi/Entwicklung/condyn-admin/test/career-evidence-highlight.test.ts"},{"assertionResults":[{"ancestorTitles":["BUG010M Forensic PDF Replay"],"fullName":"BUG010M Forensic PDF Replay should answer the forensic questions","status":"skipped","title":"should answer the forensic questions","failureMessages":[],"meta":{}}],"startTime":1786905048532,"endTime":1786905048532,"status":"passed","message":"","name":"/home/codi/Entwicklung/condyn-admin/test/career-forensic-pdf.test.ts"},{"assertionResults":[{"ancestorTitles":["BUG010K: Canonical Partitioning & Relation Integrity"],"fullName":"BUG010K: Canonical Partitioning & Relation Integrity A. should correctly partition entities into canonical arrays based on entity_kind and construct identity","status":"passed","title":"A. should correctly partition entities into canonical arrays based on entity_kind and construct identity","duration":14.781481999999983,"failureMessages":[],"meta":{}},{"ancestorTitles":["BUG010K: Canonical Partitioning & Relation Integrity"],"fullName":"BUG010K: Canonical Partitioning & Relation Integrity C. should fail deterministic assembly on duplicate entity IDs","status":"passed","title":"C. should fail deterministic assembly on duplicate entity IDs","duration":2.6072350000000597,"failureMessages":[],"meta":{}},{"ancestorTitles":["BUG010K: Canonical Partitioning & Relation Integrity"],"fullName":"BUG010K: Canonical Partitioning & Relation Integrity D. should fail deterministic assembly when relationship target_id is missing","status":"passed","title":"D. should fail deterministic assembly when relationship target_id is missing","duration":5.760087999999996,"failureMessages":[],"meta":{}},{"ancestorTitles":["BUG010K: Canonical Partitioning & Relation Integrity"],"fullName":"BUG010K: Canonical Partitioning & Relation Integrity E. should fail deterministic assembly on ROLE_IN_ORGANIZATION kind mismatch","status":"passed","title":"E. should fail deterministic assembly on ROLE_IN_ORGANIZATION kind mismatch","duration":0.6603799999999183,"failureMessages":[],"meta":{}}],"startTime":1786905065576,"endTime":1786905065600.6604,"status":"passed","message":"","name":"/home/codi/Entwicklung/condyn-admin/test/career-gemini-adapter.test.ts"},{"assertionResults":[{"ancestorTitles":["BUG010M: Atomic Structured Retry Contract"],"fullName":"BUG010M: Atomic Structured Retry Contract TEST A — structured STOP","status":"passed","title":"TEST A — structured STOP","duration":39.23844400000007,"failureMessages":[],"meta":{}},{"ancestorTitles":["BUG010M: Atomic Structured Retry Contract"],"fullName":"BUG010M: Atomic Structured Retry Contract TEST B — structured MAX_TOKENS then STOP","status":"passed","title":"TEST B — structured MAX_TOKENS then STOP","duration":9.150238000000058,"failureMessages":[],"meta":{}},{"ancestorTitles":["BUG010M: Atomic Structured Retry Contract"],"fullName":"BUG010M: Atomic Structured Retry Contract TEST C — repeated structured truncation","status":"passed","title":"TEST C — repeated structured truncation","duration":24.691205999999966,"failureMessages":[],"meta":{}},{"ancestorTitles":["BUG010M: Atomic Structured Retry Contract"],"fullName":"BUG010M: Atomic Structured Retry Contract TEST D — no JSON concatenation","status":"passed","title":"TEST D — no JSON concatenation","duration":3.2119519999999966,"failureMessages":[],"meta":{}},{"ancestorTitles":["BUG010M: Atomic Structured Retry Contract"],"fullName":"BUG010M: Atomic Structured Retry Contract TEST F — output limit","status":"passed","title":"TEST F — output limit","duration":19.911144000000036,"failureMessages":[],"meta":{}},{"ancestorTitles":["Unstructured Continuation (Legacy Behavior)"],"fullName":"Unstructured Continuation (Legacy Behavior) TEST E — unstructured continuation remains unchanged","status":"passed","title":"TEST E — unstructured continuation remains unchanged","duration":0.6611830000000509,"failureMessages":[],"meta":{}}],"startTime":1786905057044,"endTime":1786905057141.6611,"status":"passed","message":"","name":"/home/codi/Entwicklung/condyn-admin/test/career-gemini-continuation.test.ts"},{"assertionResults":[{"ancestorTitles":["CONDYN Career Analysis Protocol v1.0 — Step 21b: Live Gemini Embedding Provider (`test/career-gemini-embedding-live.test.ts`)"],"fullName":"CONDYN Career Analysis Protocol v1.0 — Step 21b: Live Gemini Embedding Provider (`test/career-gemini-embedding-live.test.ts`) should generate real 768-dimensional embedding from Google Gemini API","status":"skipped","title":"should generate real 768-dimensional embedding from Google Gemini API","failureMessages":[],"meta":{}}],"startTime":1786905048532,"endTime":1786905048532,"status":"passed","message":"","name":"/home/codi/Entwicklung/condyn-admin/test/career-gemini-embedding-live.test.ts"},{"assertionResults":[{"ancestorTitles":["CONDYN Career Analysis Protocol v1.0 — Step 21b: Server-Side GeminiEmbeddingProvider (`test/career-gemini-embedding-provider.test.ts`)"],"fullName":"CONDYN Career Analysis Protocol v1.0 — Step 21b: Server-Side GeminiEmbeddingProvider (`test/career-gemini-embedding-provider.test.ts`) should implement EmbeddingProvider contract and return number[] vector","status":"passed","title":"should implement EmbeddingProvider contract and return number[] vector","duration":8.166695000000004,"failureMessages":[],"meta":{}},{"ancestorTitles":["CONDYN Career Analysis Protocol v1.0 — Step 21b: Server-Side GeminiEmbeddingProvider (`test/career-gemini-embedding-provider.test.ts`)"],"fullName":"CONDYN Career Analysis Protocol v1.0 — Step 21b: Server-Side GeminiEmbeddingProvider (`test/career-gemini-embedding-provider.test.ts`) should build correct Gemini request using default model text-embedding-004","status":"passed","title":"should build correct Gemini request using default model text-embedding-004","duration":1.2055019999999104,"failureMessages":[],"meta":{}},{"ancestorTitles":["CONDYN Career Analysis Protocol v1.0 — Step 21b: Server-Side GeminiEmbeddingProvider (`test/career-gemini-embedding-provider.test.ts`)"],"fullName":"CONDYN Career Analysis Protocol v1.0 — Step 21b: Server-Side GeminiEmbeddingProvider (`test/career-gemini-embedding-provider.test.ts`) should use env/constructor model override","status":"passed","title":"should use env/constructor model override","duration":1.2334409999999707,"failureMessages":[],"meta":{}},{"ancestorTitles":["CONDYN Career Analysis Protocol v1.0 — Step 21b: Server-Side GeminiEmbeddingProvider (`test/career-gemini-embedding-provider.test.ts`)"],"fullName":"CONDYN Career Analysis Protocol v1.0 — Step 21b: Server-Side GeminiEmbeddingProvider (`test/career-gemini-embedding-provider.test.ts`) should support generateBatchEmbeddings preserving order","status":"passed","title":"should support generateBatchEmbeddings preserving order","duration":2.6646389999999656,"failureMessages":[],"meta":{}},{"ancestorTitles":["CONDYN Career Analysis Protocol v1.0 — Step 21b: Server-Side GeminiEmbeddingProvider (`test/career-gemini-embedding-provider.test.ts`)"],"fullName":"CONDYN Career Analysis Protocol v1.0 — Step 21b: Server-Side GeminiEmbeddingProvider (`test/career-gemini-embedding-provider.test.ts`) should reject empty text input with ERR_EMBEDDING_PROVIDER_FAILURE","status":"passed","title":"should reject empty text input with ERR_EMBEDDING_PROVIDER_FAILURE","duration":2.7672099999999773,"failureMessages":[],"meta":{}},{"ancestorTitles":["CONDYN Career Analysis Protocol v1.0 — Step 21b: Server-Side GeminiEmbeddingProvider (`test/career-gemini-embedding-provider.test.ts`)"],"fullName":"CONDYN Career Analysis Protocol v1.0 — Step 21b: Server-Side GeminiEmbeddingProvider (`test/career-gemini-embedding-provider.test.ts`) should throw ERR_EMBEDDING_PROVIDER_FAILURE if missing API key","status":"passed","title":"should throw ERR_EMBEDDING_PROVIDER_FAILURE if missing API key","duration":0.8706099999999424,"failureMessages":[],"meta":{}},{"ancestorTitles":["CONDYN Career Analysis Protocol v1.0 — Step 21b: Server-Side GeminiEmbeddingProvider (`test/career-gemini-embedding-provider.test.ts`)"],"fullName":"CONDYN Career Analysis Protocol v1.0 — Step 21b: Server-Side GeminiEmbeddingProvider (`test/career-gemini-embedding-provider.test.ts`) should encapsulate SDK errors into ERR_EMBEDDING_PROVIDER_FAILURE","status":"passed","title":"should encapsulate SDK errors into ERR_EMBEDDING_PROVIDER_FAILURE","duration":11.887147000000027,"failureMessages":[],"meta":{}}],"startTime":1786905065727,"endTime":1786905065755.8872,"status":"passed","message":"","name":"/home/codi/Entwicklung/condyn-admin/test/career-gemini-embedding-provider.test.ts"},{"assertionResults":[{"ancestorTitles":["GeminiProvider Inference Scope Contract"],"fullName":"GeminiProvider Inference Scope Contract does not send RUNTIME_OWNED or UI_PROJECTION scopes to the model (RED)","status":"passed","title":"does not send RUNTIME_OWNED or UI_PROJECTION scopes to the model (RED)","duration":51.24799399999995,"failureMessages":[],"meta":{}}],"startTime":1786905064923,"endTime":1786905064974.248,"status":"passed","message":"","name":"/home/codi/Entwicklung/condyn-admin/test/career-gemini-inference-scope.test.ts"},{"assertionResults":[{"ancestorTitles":["BUG 010: Gemini Schema Acceptance (LIVE PROBE)"],"fullName":"BUG 010: Gemini Schema Acceptance (LIVE PROBE) should successfully generate content using the projected Gemini schema","status":"passed","title":"should successfully generate content using the projected Gemini schema","duration":4.952337999999941,"failureMessages":[],"meta":{}}],"startTime":1786905066954,"endTime":1786905066958.9524,"status":"passed","message":"","name":"/home/codi/Entwicklung/condyn-admin/test/career-gemini-live-probe.test.ts"},{"assertionResults":[{"ancestorTitles":["CONDYN Career Analysis Protocol v1.0 - Step 9.3: Gemini Live Smoke Test (GATED)"],"fullName":"CONDYN Career Analysis Protocol v1.0 - Step 9.3: Gemini Live Smoke Test (GATED) should execute real Gemini inference, conform to Universal Entity Grammar, and stamp as VERIFIED","status":"skipped","title":"should execute real Gemini inference, conform to Universal Entity Grammar, and stamp as VERIFIED","failureMessages":[],"meta":{}}],"startTime":1786905048532,"endTime":1786905048532,"status":"passed","message":"","name":"/home/codi/Entwicklung/condyn-admin/test/career-gemini-live.test.ts"},{"assertionResults":[{"ancestorTitles":["Probe Gemini API"],"fullName":"Probe Gemini API Probe A","status":"skipped","title":"Probe A","failureMessages":[],"meta":{}}],"startTime":1786905048532,"endTime":1786905048532,"status":"passed","message":"","name":"/home/codi/Entwicklung/condyn-admin/test/career-gemini-probe.test.ts"},{"assertionResults":[{"ancestorTitles":["GeminiProvider Error Diagnostic Boundary"],"fullName":"GeminiProvider Error Diagnostic Boundary formats detailed bounded error diagnostics without leaking secrets (RED/GREEN)","status":"passed","title":"formats detailed bounded error diagnostics without leaking secrets (RED/GREEN)","duration":28.250744999999938,"failureMessages":[],"meta":{}}],"startTime":1786905060475,"endTime":1786905060503.2507,"status":"passed","message":"","name":"/home/codi/Entwicklung/condyn-admin/test/career-gemini-provider-error.test.ts"},{"assertionResults":[{"ancestorTitles":["CONDYN Career Analysis Protocol v1.0 - Step 9: Gemini Inference Provider TDD"],"fullName":"CONDYN Career Analysis Protocol v1.0 - Step 9: Gemini Inference Provider TDD should implement InferenceProvider contract and resolve raw JSON string from generateContent","status":"passed","title":"should implement InferenceProvider contract and resolve raw JSON string from generateContent","duration":12.91299499999991,"failureMessages":[],"meta":{}},{"ancestorTitles":["CONDYN Career Analysis Protocol v1.0 - Step 9: Gemini Inference Provider TDD"],"fullName":"CONDYN Career Analysis Protocol v1.0 - Step 9: Gemini Inference Provider TDD should build correct Gemini request folding systemPrompt into initial contents and omit systemInstruction from config","status":"passed","title":"should build correct Gemini request folding systemPrompt into initial contents and omit systemInstruction from config","duration":3.590048999999908,"failureMessages":[],"meta":{}},{"ancestorTitles":["CONDYN Career Analysis Protocol v1.0 - Step 9: Gemini Inference Provider TDD"],"fullName":"CONDYN Career Analysis Protocol v1.0 - Step 9: Gemini Inference Provider TDD should enforce structured JSON mode by setting responseMimeType to application/json","status":"passed","title":"should enforce structured JSON mode by setting responseMimeType to application/json","duration":15.220604999999978,"failureMessages":[],"meta":{}},{"ancestorTitles":["CONDYN Career Analysis Protocol v1.0 - Step 9: Gemini Inference Provider TDD"],"fullName":"CONDYN Career Analysis Protocol v1.0 - Step 9: Gemini Inference Provider TDD should resolve model name from options, environment variable GEMINI_MODEL, or fallback default","status":"passed","title":"should resolve model name from options, environment variable GEMINI_MODEL, or fallback default","duration":10.364167000000066,"failureMessages":[],"meta":{}},{"ancestorTitles":["CONDYN Career Analysis Protocol v1.0 - Step 9: Gemini Inference Provider TDD"],"fullName":"CONDYN Career Analysis Protocol v1.0 - Step 9: Gemini Inference Provider TDD should cleanly encapsulate SDK and API errors into ERR_PROVIDER_FAILURE across cascade","status":"passed","title":"should cleanly encapsulate SDK and API errors into ERR_PROVIDER_FAILURE across cascade","duration":15.554104000000052,"failureMessages":[],"meta":{}},{"ancestorTitles":["CONDYN Career Analysis Protocol v1.0 - Step 9: Gemini Inference Provider TDD"],"fullName":"CONDYN Career Analysis Protocol v1.0 - Step 9: Gemini Inference Provider TDD should throw ERR_PROVIDER_FAILURE if no API key is present in options or process.env","status":"passed","title":"should throw ERR_PROVIDER_FAILURE if no API key is present in options or process.env","duration":0.8191360000000714,"failureMessages":[],"meta":{}},{"ancestorTitles":["CONDYN Career Analysis Protocol v1.0 - Step 9: Gemini Inference Provider TDD"],"fullName":"CONDYN Career Analysis Protocol v1.0 - Step 9: Gemini Inference Provider TDD should automatically continue when finishReason is MAX_TOKENS and track telemetry for unstructured requests","status":"failed","title":"should automatically continue when finishReason is MAX_TOKENS and track telemetry for unstructured requests","duration":17.44511,"failureMessages":["AssertionError: expected '\"part2\": \"chunk2\"}' to be '{\"part1\": \"chunk1\"\\n \"part2\": \"chunk2…' // Object.is equality\n    at /home/codi/Entwicklung/condyn-admin/test/career-gemini-provider.test.ts:147:20\n    at processTicksAndRejections (node:internal/process/task_queues:95:5)\n    at file:///home/codi/Entwicklung/condyn-admin/node_modules/@vitest/runner/dist/chunk-hooks.js:752:20"],"meta":{}},{"ancestorTitles":["CONDYN Career Analysis Protocol v1.0 - Step 9: Gemini Inference Provider TDD"],"fullName":"CONDYN Career Analysis Protocol v1.0 - Step 9: Gemini Inference Provider TDD clamps maxOutputTokens to 65536 and diagnostic correctly reports it (BUG010E)","status":"passed","title":"clamps maxOutputTokens to 65536 and diagnostic correctly reports it (BUG010E)","duration":4.006401000000096,"failureMessages":[],"meta":{}}],"startTime":1786905049447,"endTime":1786905049527.0063,"status":"failed","message":"
[...]
 pool","duration":5.9699920000000475,"failureMessages":[],"meta":{}},{"ancestorTitles":["CONDYN Career Analysis Protocol v1.0 — Step 21a: Semantic Search Core (`test/career-semantic-search.test.ts`)","3. Semantic Search Engine & Company Pool Indexing"],"fullName":"CONDYN Career Analysis Protocol v1.0 — Step 21a: Semantic Search Core (`test/career-semantic-search.test.ts`) 3. Semantic Search Engine & Company Pool Indexing should search indexed DEMO_COMPANY_POOL and match relevant roles for semantic queries","status":"passed","title":"should search indexed DEMO_COMPANY_POOL and match relevant roles for semantic queries","duration":5.426641000000018,"failureMessages":[],"meta":{}}],"startTime":1786905059839,"endTime":1786905059900.4268,"status":"passed","message":"","name":"/home/codi/Entwicklung/condyn-admin/test/career-semantic-search.test.ts"},{"assertionResults":[{"ancestorTitles":["CONDYN Career Analysis Protocol v1.0 — Step 19c: Source Normalization Metadata"],"fullName":"CONDYN Career Analysis Protocol v1.0 — Step 19c: Source Normalization Metadata should attach SourceMetadata with sourceKind: 'WEBSITE' and deterministic contentHash when loading a website","status":"passed","title":"should attach SourceMetadata with sourceKind: 'WEBSITE' and deterministic contentHash when loading a website","duration":6.660319999999956,"failureMessages":[],"meta":{}},{"ancestorTitles":["CONDYN Career Analysis Protocol v1.0 — Step 19c: Source Normalization Metadata"],"fullName":"CONDYN Career Analysis Protocol v1.0 — Step 19c: Source Normalization Metadata should attach GITHUB_README, GITHUB_PACKAGE_JSON, and GITHUB_DOCS kinds when loading GitHub documents","status":"passed","title":"should attach GITHUB_README, GITHUB_PACKAGE_JSON, and GITHUB_DOCS kinds when loading GitHub documents","duration":4.490385999999944,"failureMessages":[],"meta":{}},{"ancestorTitles":["CONDYN Career Analysis Protocol v1.0 — Step 19c: Source Normalization Metadata"],"fullName":"CONDYN Career Analysis Protocol v1.0 — Step 19c: Source Normalization Metadata should attach sourceKind: 'PDF' when loading a PDF document","status":"passed","title":"should attach sourceKind: 'PDF' when loading a PDF document","duration":0.6190390000001571,"failureMessages":[],"meta":{}},{"ancestorTitles":["CONDYN Career Analysis Protocol v1.0 — Step 19c: Source Normalization Metadata"],"fullName":"CONDYN Career Analysis Protocol v1.0 — Step 19c: Source Normalization Metadata should attach sourceKind respecting batch item type ('text' -> 'TEXT', 'markdown' -> 'MARKDOWN', 'pdf' -> 'PDF') in loadDocumentBatch","status":"passed","title":"should attach sourceKind respecting batch item type ('text' -> 'TEXT', 'markdown' -> 'MARKDOWN', 'pdf' -> 'PDF') in loadDocumentBatch","duration":1.4761809999999969,"failureMessages":[],"meta":{}},{"ancestorTitles":["CONDYN Career Analysis Protocol v1.0 — Step 19c: Source Normalization Metadata"],"fullName":"CONDYN Career Analysis Protocol v1.0 — Step 19c: Source Normalization Metadata should verify computeContentHash determinism and sensitivity","status":"passed","title":"should verify computeContentHash determinism and sensitivity","duration":1.9587129999999888,"failureMessages":[],"meta":{}},{"ancestorTitles":["CONDYN Career Analysis Protocol v1.0 — Step 19c: Source Normalization Metadata"],"fullName":"CONDYN Career Analysis Protocol v1.0 — Step 19c: Source Normalization Metadata should verify loadDocuments(...) accepts DocumentInput with metadata field seamlessly","status":"passed","title":"should verify loadDocuments(...) accepts DocumentInput with metadata field seamlessly","duration":2.3897790000000896,"failureMessages":[],"meta":{}}],"startTime":1786905065731,"endTime":1786905065748.39,"status":"passed","message":"","name":"/home/codi/Entwicklung/condyn-admin/test/career-source-metadata.test.ts"},{"assertionResults":[{"ancestorTitles":["SystemCodexModal — Bilingual Complete Operating Manual (DE/EN)"],"fullName":"SystemCodexModal — Bilingual Complete Operating Manual (DE/EN) 1. Modal renders nothing when isOpen is false","status":"passed","title":"1. Modal renders nothing when isOpen is false","duration":22.994803000000047,"failureMessages":[],"meta":{}},{"ancestorTitles":["SystemCodexModal — Bilingual Complete Operating Manual (DE/EN)"],"fullName":"SystemCodexModal — Bilingual Complete Operating Manual (DE/EN) 2. Modal renders German manual with all 8 chapters by default","status":"passed","title":"2. Modal renders German manual with all 8 chapters by default","duration":25.69882199999995,"failureMessages":[],"meta":{}},{"ancestorTitles":["SystemCodexModal — Bilingual Complete Operating Manual (DE/EN)"],"fullName":"SystemCodexModal — Bilingual Complete Operating Manual (DE/EN) 3. Modal renders English manual when initialLang is 'en'","status":"passed","title":"3. Modal renders English manual when initialLang is 'en'","duration":10.377593000000047,"failureMessages":[],"meta":{}},{"ancestorTitles":["SystemCodexModal — Bilingual Complete Operating Manual (DE/EN)"],"fullName":"SystemCodexModal — Bilingual Complete Operating Manual (DE/EN) 4. Contains the 5 Trust Questions and 2 Core Laws references in chapters","status":"passed","title":"4. Contains the 5 Trust Questions and 2 Core Laws references in chapters","duration":6.516040999999973,"failureMessages":[],"meta":{}}],"startTime":1786905055649,"endTime":1786905055714.516,"status":"passed","message":"","name":"/home/codi/Entwicklung/condyn-admin/test/career-system-codex-modal.test.tsx"},{"assertionResults":[{"ancestorTitles":["CONDYN Career Analysis Protocol v1.0 — Phase 6 & 6.5: Architectural Regression Suite"],"fullName":"CONDYN Career Analysis Protocol v1.0 — Phase 6 & 6.5: Architectural Regression Suite 1. Explainability Regression: explainabilityScore never exceeds fitScore and remains grounded in evidence","status":"passed","title":"1. Explainability Regression: explainabilityScore never exceeds fitScore and remains grounded in evidence","duration":11.523217999999929,"failureMessages":[],"meta":{}},{"ancestorTitles":["CONDYN Career Analysis Protocol v1.0 — Phase 6 & 6.5: Architectural Regression Suite"],"fullName":"CONDYN Career Analysis Protocol v1.0 — Phase 6 & 6.5: Architectural Regression Suite 2. Traceability Regression: full proof chain Source -> Evidence -> Capability -> Requirement -> Job -> Organisation is intact","status":"passed","title":"2. Traceability Regression: full proof chain Source -> Evidence -> Capability -> Requirement -> Job -> Organisation is intact","duration":6.534333999999944,"failureMessages":[],"meta":{}},{"ancestorTitles":["CONDYN Career Analysis Protocol v1.0 — Phase 6 & 6.5: Architectural Regression Suite"],"fullName":"CONDYN Career Analysis Protocol v1.0 — Phase 6 & 6.5: Architectural Regression Suite 3. Confidence Regression: confidence propagation is strictly deterministic and invariant under identical input","status":"passed","title":"3. Confidence Regression: confidence propagation is strictly deterministic and invariant under identical input","duration":11.775276000000076,"failureMessages":[],"meta":{}},{"ancestorTitles":["CONDYN Career Analysis Protocol v1.0 — Phase 6 & 6.5: Architectural Regression Suite"],"fullName":"CONDYN Career Analysis Protocol v1.0 — Phase 6 & 6.5: Architectural Regression Suite 4. Decision Consistency Regression: identical input data produces identical graph state across runs","status":"passed","title":"4. Decision Consistency Regression: identical input data produces identical graph state across runs","duration":0.7865759999999682,"failureMessages":[],"meta":{}},{"ancestorTitles":["CONDYN Career Analysis Protocol v1.0 — Phase 6 & 6.5: Architectural Regression Suite"],"fullName":"CONDYN Career Analysis Protocol v1.0 — Phase 6 & 6.5: Architectural Regression Suite 5. Graph Integrity Regression: Directed Evidence Graph is structurally valid without cycles, orphans, or invalid edge references","status":"passed","title":"5. Graph Integrity Regression: Directed Evidence Graph is structurally valid without cycles, orphans, or invalid edge references","duration":5.535709999999995,"failureMessages":[],"meta":{}},{"ancestorTitles":["CONDYN Career Analysis Protocol v1.0 — Phase 6 & 6.5: Architectural Regression Suite"],"fullName":"CONDYN Career Analysis Protocol v1.0 — Phase 6 & 6.5: Architectural Regression Suite 6. UX Trust Regression: all 5 Trust Questions are transparently answered by the UI components","status":"passed","title":"6. UX Trust Regression: all 5 Trust Questions are transparently answered by the UI components","duration":28.69201899999996,"failureMessages":[],"meta":{}}],"startTime":1786905057503,"endTime":1786905057567.6921,"status":"passed","message":"","name":"/home/codi/Entwicklung/condyn-admin/test/career-trust-audit.test.tsx"},{"assertionResults":[{"ancestorTitles":["CONDYN Career Analysis - UI Projection Adapter (Canonical -> SIL v3.0)"],"fullName":"CONDYN Career Analysis - UI Projection Adapter (Canonical -> SIL v3.0) should project CanonicalCareerAnalysis into a valid SIL DemoCareerIntelligenceData structure","status":"passed","title":"should project CanonicalCareerAnalysis into a valid SIL DemoCareerIntelligenceData structure","duration":10.115046000000007,"failureMessages":[],"meta":{}},{"ancestorTitles":["CONDYN Career Analysis - UI Projection Adapter (Canonical -> SIL v3.0)"],"fullName":"CONDYN Career Analysis - UI Projection Adapter (Canonical -> SIL v3.0) should enforce the SOURCE CORRELATION INVARIANT for multiple sources","status":"passed","title":"should enforce the SOURCE CORRELATION INVARIANT for multiple sources","duration":1.9353509999999687,"failureMessages":[],"meta":{}}],"startTime":1786905066283,"endTime":1786905066295.9353,"status":"passed","message":"","name":"/home/codi/Entwicklung/condyn-admin/test/career-ui-adapter.test.ts"},{"assertionResults":[{"ancestorTitles":["CONDYN / SYNTX — BUG 006B: Static Cluster Metrics vs Runtime Measurements"],"fullName":"CONDYN / SYNTX — BUG 006B: Static Cluster Metrics vs Runtime Measurements should return empty clusters array in Zero-State to prevent rendering fake metrics","status":"passed","title":"should return empty clusters array in Zero-State to prevent rendering fake metrics","duration":10.837960000000066,"failureMessages":[],"meta":{}}],"startTime":1786905066843,"endTime":1786905066853.838,"status":"passed","message":"","name":"/home/codi/Entwicklung/condyn-admin/test/career-ui-cluster-metrics-wiring.test.ts"},{"assertionResults":[{"ancestorTitles":["OrbitalResonanceBubble Metrics Wiring (BUG 006A)"],"fullName":"OrbitalResonanceBubble Metrics Wiring (BUG 006A) should NOT fabricate fallback metrics when secondaryMetrics is missing","status":"passed","title":"should NOT fabricate fallback metrics when secondaryMetrics is missing","duration":65.65845800000011,"failureMessages":[],"meta":{}},{"ancestorTitles":["OrbitalResonanceBubble Metrics Wiring (BUG 006A)"],"fullName":"OrbitalResonanceBubble Metrics Wiring (BUG 006A) should render explicit secondaryMetrics when provided","status":"passed","title":"should render explicit secondaryMetrics when provided","duration":16.50299999999993,"failureMessages":[],"meta":{}}],"startTime":1786905059622,"endTime":1786905059704.503,"status":"passed","message":"","name":"/home/codi/Entwicklung/condyn-admin/test/career-ui-metrics-wiring.test.tsx"},{"assertionResults":[{"ancestorTitles":["OrbitalResonanceBubble Source Presentation Wiring"],"fullName":"OrbitalResonanceBubble Source Presentation Wiring should render runtime source provenance without throwing ReferenceError","status":"passed","title":"should render runtime source provenance without throwing ReferenceError","duration":57.41812799999991,"failureMessages":[],"meta":{}}],"startTime":1786905062954,"endTime":1786905063011.4182,"status":"passed","message":"","name":"/home/codi/Entwicklung/condyn-admin/test/career-ui-source-presentation-wiring.test.tsx"},{"assertionResults":[{"ancestorTitles":["SIL Source Presentation View Model"],"fullName":"SIL Source Presentation View Model should project current activeData sources to UI view model without demo fallbacks","status":"passed","title":"should project current activeData sources to UI view model without demo fallbacks","duration":5.2925350000000435,"failureMessages":[],"meta":{}}],"startTime":1786905066379,"endTime":1786905066384.2925,"status":"passed","message":"","name":"/home/codi/Entwicklung/condyn-admin/test/career-ui-source-presentation.test.ts"},{"assertionResults":[{"ancestorTitles":["CONDYN Career Analysis Protocol v1.0 — Step 27: UX Friction, Information Hierarchy & Demo Narrative Audit"],"fullName":"CONDYN Career Analysis Protocol v1.0 — Step 27: UX Friction, Information Hierarchy & Demo Narrative Audit 1. Information Hierarchy Audit: Inspector follows exact 5s/30s visual comprehension order","status":"passed","title":"1. Information Hierarchy Audit: Inspector follows exact 5s/30s visual comprehension order","duration":56.41608699999995,"failureMessages":[],"meta":{}},{"ancestorTitles":["CONDYN Career Analysis Protocol v1.0 — Step 27: UX Friction, Information Hierarchy & Demo Narrative Audit"],"fullName":"CONDYN Career Analysis Protocol v1.0 — Step 27: UX Friction, Information Hierarchy & Demo Narrative Audit 2. Cognitive Load Audit: Idle state avoids visual clutter and provides clear orientation call-to-action","status":"passed","title":"2. Cognitive Load Audit: Idle state avoids visual clutter and provides clear orientation call-to-action","duration":2.3834130000000187,"failureMessages":[],"meta":{}},{"ancestorTitles":["CONDYN Career Analysis Protocol v1.0 — Step 27: UX Friction, Information Hierarchy & Demo Narrative Audit"],"fullName":"CONDYN Career Analysis Protocol v1.0 — Step 27: UX Friction, Information Hierarchy & Demo Narrative Audit 3. Enterprise Demo Narrative Audit: UI components cover all 6 storytelling steps without manual explanation","status":"passed","title":"3. Enterprise Demo Narrative Audit: UI components cover all 6 storytelling steps without manual explanation","duration":18.340707000000066,"failureMessages":[],"meta":{}}],"startTime":1786905055997,"endTime":1786905056074.3408,"status":"passed","message":"","name":"/home/codi/Entwicklung/condyn-admin/test/career-ux-friction-audit.test.tsx"},{"assertionResults":[{"ancestorTitles":["CONDYN Career Analysis Protocol v1.0 - Step 5.2: View Model Builder (`buildViewModel`)"],"fullName":"CONDYN Career Analysis Protocol v1.0 - Step 5.2: View Model Builder (`buildViewModel`) should generate 100% identical JSON View Model across multiple runs for identical projection input","status":"passed","title":"should generate 100% identical JSON View Model across multiple runs for identical projection input","duration":17.405930000000012,"failureMessages":[],"meta":{}},{"ancestorTitles":["CONDYN Career Analysis Protocol v1.0 - Step 5.2: View Model Builder (`buildViewModel`)"],"fullName":"CONDYN Career Analysis Protocol v1.0 - Step 5.2: View Model Builder (`buildViewModel`) should preserve analysisId, centerNodeId, node count, and edge count from projection 1:1","status":"passed","title":"should preserve analysisId, centerNodeId, node count, and edge count from projection 1:1","duration":3.0181400000000167,"failureMessages":[],"meta":{}},{"ancestorTitles":["CONDYN Career Analysis Protocol v1.0 - Step 5.2: View Model Builder (`buildViewModel`)"],"fullName":"CONDYN Career Analysis Protocol v1.0 - Step 5.2: View Model Builder (`buildViewModel`) should strictly exclude all engine-specific layout and position keys (x, y, fx, fy, position, data, sourceHandle, targetHandle)","status":"passed","title":"should strictly exclude all engine-specific layout and position keys (x, y, fx, fy, position, data, sourceHandle, targetHandle)","duration":2.0138410000000704,"failureMessages":[],"meta":{}},{"ancestorTitles":["CONDYN Career Analysis Protocol v1.0 - Step 5.2: View Model Builder (`buildViewModel`)"],"fullName":"CONDYN Career Analysis Protocol v1.0 - Step 5.2: View Model Builder (`buildViewModel`) should enrich nodes and edges with deterministic style semantics, tooltips, and collapsible flags","status":"passed","title":"should enrich nodes and edges with deterministic style semantics, tooltips, and collapsible flags","duration":1.8274790000000394,"failureMessages":[],"meta":{}}],"startTime":1786905065086,"endTime":1786905065110.8274,"status":"passed","message":"","name":"/home/codi/Entwicklung/condyn-admin/test/career-view-model.test.ts"},{"assertionResults":[{"ancestorTitles":["CONDYN Career Analysis Protocol v1.0 — Step 19a: Website Loader"],"fullName":"CONDYN Career Analysis Protocol v1.0 — Step 19a: Website Loader should extract clean visible text from valid HTML and return DocumentInput","status":"passed","title":"should extract clean visible text from valid HTML and return DocumentInput","duration":9.08717999999999,"failureMessages":[],"meta":{}},{"ancestorTitles":["CONDYN Career Analysis Protocol v1.0 — Step 19a: Website Loader"],"fullName":"CONDYN Career Analysis Protocol v1.0 — Step 19a: Website Loader should strip <script>, <style>, <nav>, and <footer> tags along with their contents","status":"passed","title":"should strip <script>, <style>, <nav>, and <footer> tags along with their contents","duration":4.015190999999959,"failureMessages":[],"meta":{}},{"ancestorTitles":["CONDYN Career Analysis Protocol v1.0 — Step 19a: Website Loader"],"fullName":"CONDYN Career Analysis Protocol v1.0 — Step 19a: Website Loader should throw ERR_WEBSITE_EMPTY_CONTENT when HTML page has no visible text","status":"passed","title":"should throw ERR_WEBSITE_EMPTY_CONTENT when HTML page has no visible text","duration":3.9701850000001286,"failureMessages":[],"meta":{}},{"ancestorTitles":["CONDYN Career Analysis Protocol v1.0 — Step 19a: Website Loader"],"fullName":"CONDYN Career Analysis Protocol v1.0 — Step 19a: Website Loader should throw ERR_INVALID_WEBSITE_URL when URL is malformed or non-http/https","status":"passed","title":"should throw ERR_INVALID_WEBSITE_URL when URL is malformed or non-http/https","duration":1.4558700000002318,"failureMessages":[],"meta":{}},{"ancestorTitles":["CONDYN Career Analysis Protocol v1.0 — Step 19a: Website Loader"],"fullName":"CONDYN Career Analysis Protocol v1.0 — Step 19a: Website Loader should throw ERR_WEBSITE_FETCH_FAILURE when fetch returns non-200 HTTP status or fails","status":"passed","title":"should throw ERR_WEBSITE_FETCH_FAILURE when fetch returns non-200 HTTP status or fails","duration":1.7749539999999797,"failureMessages":[],"meta":{}},{"ancestorTitles":["CONDYN Career Analysis Protocol v1.0 — Step 19a: Website Loader"],"fullName":"CONDYN Career Analysis Protocol v1.0 — Step 19a: Website Loader should produce DocumentInput compatible with loadDocuments pipeline input","status":"passed","title":"should produce DocumentInput compatible with loadDocuments pipeline input","duration":5.5100720000000365,"failureMessages":[],"meta":{}}],"startTime":1786905066722,"endTime":1786905066748.51,"status":"passed","message":"","name":"/home/codi/Entwicklung/condyn-admin/test/career-website-loader.test.ts"},{"assertionResults":[{"ancestorTitles":["BUG010M: Live Token Limit Matrix"],"fullName":"BUG010M: Live Token Limit Matrix should test gemini-3.5-flash with various maxOutputTokens","status":"skipped","title":"should test gemini-3.5-flash with various maxOutputTokens","failureMessages":[],"meta":{}}],"startTime":1786905048532,"endTime":1786905048532,"status":"passed","message":"","name":"/home/codi/Entwicklung/condyn-admin/test/gemini-token-limit-matrix.test.ts"},{"assertionResults":[{"ancestorTitles":["BUG010J: Schema Bisection"],"fullName":"BUG010J: Schema Bisection should run phase 1 and 2","status":"skipped","title":"should run phase 1 and 2","failureMessages":[],"meta":{}}],"startTime":1786905048532,"endTime":1786905048532,"status":"passed","message":"","name":"/home/codi/Entwicklung/condyn-admin/test/schema-bisection.test.ts"}]}
